  SPOFS_2017.cpp
c:\users\paul\source\repos\spofs_2017\src\spofs_2017.cpp(15): fatal error C1083: Cannot open include file: 'cr_section_macros.h': No such file or directory
  cr_startup_lpc175x_6x.cpp
c:\users\paul\source\repos\spofs_2017\src\cr_startup_lpc175x_6x.cpp(69): error C2065: 'weak': undeclared identifier
c:\users\paul\source\repos\spofs_2017\src\cr_startup_lpc175x_6x.cpp(69): error C4430: missing type specifier - int assumed. Note: C++ does not support default-int
c:\users\paul\source\repos\spofs_2017\src\cr_startup_lpc175x_6x.cpp(69): error C2448: '__attribute__': function-style initializer appears to be a function definition
c:\users\paul\source\repos\spofs_2017\src\cr_startup_lpc175x_6x.cpp(70): error C2065: 'weak': undeclared identifier
c:\users\paul\source\repos\spofs_2017\src\cr_startup_lpc175x_6x.cpp(70): error C4430: missing type specifier - int assumed. Note: C++ does not support default-int
c:\users\paul\source\repos\spofs_2017\src\cr_startup_lpc175x_6x.cpp(70): error C2374: '__attribute__': redefinition; multiple initialization
  c:\users\paul\source\repos\spofs_2017\src\cr_startup_lpc175x_6x.cpp(69): note: see declaration of '__attribute__'
c:\users\paul\source\repos\spofs_2017\src\cr_startup_lpc175x_6x.cpp(70): error C2448: '__attribute__': function-style initializer appears to be a function definition
c:\users\paul\source\repos\spofs_2017\src\cr_startup_lpc175x_6x.cpp(71): error C2065: 'weak': undeclared identifier
c:\users\paul\source\repos\spofs_2017\src\cr_startup_lpc175x_6x.cpp(71): error C4430: missing type specifier - int assumed. Note: C++ does not support default-int
c:\users\paul\source\repos\spofs_2017\src\cr_startup_lpc175x_6x.cpp(71): error C2374: '__attribute__': redefinition; multiple initialization
  c:\users\paul\source\repos\spofs_2017\src\cr_startup_lpc175x_6x.cpp(69): note: see declaration of '__attribute__'
c:\users\paul\source\repos\spofs_2017\src\cr_startup_lpc175x_6x.cpp(71): error C2448: '__attribute__': function-style initializer appears to be a function definition
c:\users\paul\source\repos\spofs_2017\src\cr_startup_lpc175x_6x.cpp(72): error C2065: 'weak': undeclared identifier
c:\users\paul\source\repos\spofs_2017\src\cr_startup_lpc175x_6x.cpp(72): error C4430: missing type specifier - int assumed. Note: C++ does not support default-int
c:\users\paul\source\repos\spofs_2017\src\cr_startup_lpc175x_6x.cpp(72): error C2374: '__attribute__': redefinition; multiple initialization
  c:\users\paul\source\repos\spofs_2017\src\cr_startup_lpc175x_6x.cpp(69): note: see declaration of '__attribute__'
c:\users\paul\source\repos\spofs_2017\src\cr_startup_lpc175x_6x.cpp(72): error C2448: '__attribute__': function-style initializer appears to be a function definition
c:\users\paul\source\repos\spofs_2017\src\cr_startup_lpc175x_6x.cpp(73): error C2065: 'weak': undeclared identifier
c:\users\paul\source\repos\spofs_2017\src\cr_startup_lpc175x_6x.cpp(73): error C4430: missing type specifier - int assumed. Note: C++ does not support default-int
c:\users\paul\source\repos\spofs_2017\src\cr_startup_lpc175x_6x.cpp(73): error C2374: '__attribute__': redefinition; multiple initialization
  c:\users\paul\source\repos\spofs_2017\src\cr_startup_lpc175x_6x.cpp(69): note: see declaration of '__attribute__'
c:\users\paul\source\repos\spofs_2017\src\cr_startup_lpc175x_6x.cpp(73): error C2448: '__attribute__': function-style initializer appears to be a function definition
c:\users\paul\source\repos\spofs_2017\src\cr_startup_lpc175x_6x.cpp(74): error C2065: 'weak': undeclared identifier
c:\users\paul\source\repos\spofs_2017\src\cr_startup_lpc175x_6x.cpp(74): error C4430: missing type specifier - int assumed. Note: C++ does not support default-int
c:\users\paul\source\repos\spofs_2017\src\cr_startup_lpc175x_6x.cpp(74): error C2374: '__attribute__': redefinition; multiple initialization
  c:\users\paul\source\repos\spofs_2017\src\cr_startup_lpc175x_6x.cpp(69): note: see declaration of '__attribute__'
c:\users\paul\source\repos\spofs_2017\src\cr_startup_lpc175x_6x.cpp(74): error C2448: '__attribute__': function-style initializer appears to be a function definition
c:\users\paul\source\repos\spofs_2017\src\cr_startup_lpc175x_6x.cpp(75): error C2065: 'weak': undeclared identifier
c:\users\paul\source\repos\spofs_2017\src\cr_startup_lpc175x_6x.cpp(75): error C4430: missing type specifier - int assumed. Note: C++ does not support default-int
c:\users\paul\source\repos\spofs_2017\src\cr_startup_lpc175x_6x.cpp(75): error C2374: '__attribute__': redefinition; multiple initialization
  c:\users\paul\source\repos\spofs_2017\src\cr_startup_lpc175x_6x.cpp(69): note: see declaration of '__attribute__'
c:\users\paul\source\repos\spofs_2017\src\cr_startup_lpc175x_6x.cpp(75): error C2448: '__attribute__': function-style initializer appears to be a function definition
c:\users\paul\source\repos\spofs_2017\src\cr_startup_lpc175x_6x.cpp(76): error C2065: 'weak': undeclared identifier
c:\users\paul\source\repos\spofs_2017\src\cr_startup_lpc175x_6x.cpp(76): error C4430: missing type specifier - int assumed. Note: C++ does not support default-int
c:\users\paul\source\repos\spofs_2017\src\cr_startup_lpc175x_6x.cpp(76): error C2374: '__attribute__': redefinition; multiple initialization
  c:\users\paul\source\repos\spofs_2017\src\cr_startup_lpc175x_6x.cpp(69): note: see declaration of '__attribute__'
c:\users\paul\source\repos\spofs_2017\src\cr_startup_lpc175x_6x.cpp(76): error C2448: '__attribute__': function-style initializer appears to be a function definition
c:\users\paul\source\repos\spofs_2017\src\cr_startup_lpc175x_6x.cpp(77): error C2065: 'weak': undeclared identifier
c:\users\paul\source\repos\spofs_2017\src\cr_startup_lpc175x_6x.cpp(77): error C4430: missing type specifier - int assumed. Note: C++ does not support default-int
c:\users\paul\source\repos\spofs_2017\src\cr_startup_lpc175x_6x.cpp(77): error C2374: '__attribute__': redefinition; multiple initialization
  c:\users\paul\source\repos\spofs_2017\src\cr_startup_lpc175x_6x.cpp(69): note: see declaration of '__attribute__'
c:\users\paul\source\repos\spofs_2017\src\cr_startup_lpc175x_6x.cpp(77): error C2448: '__attribute__': function-style initializer appears to be a function definition
c:\users\paul\source\repos\spofs_2017\src\cr_startup_lpc175x_6x.cpp(78): error C2065: 'weak': undeclared identifier
c:\users\paul\source\repos\spofs_2017\src\cr_startup_lpc175x_6x.cpp(78): error C4430: missing type specifier - int assumed. Note: C++ does not support default-int
c:\users\paul\source\repos\spofs_2017\src\cr_startup_lpc175x_6x.cpp(78): error C2374: '__attribute__': redefinition; multiple initialization
  c:\users\paul\source\repos\spofs_2017\src\cr_startup_lpc175x_6x.cpp(69): note: see declaration of '__attribute__'
c:\users\paul\source\repos\spofs_2017\src\cr_startup_lpc175x_6x.cpp(78): error C2448: '__attribute__': function-style initializer appears to be a function definition
c:\users\paul\source\repos\spofs_2017\src\cr_startup_lpc175x_6x.cpp(88): error C3646: '__attribute__': unknown override specifier
c:\users\paul\source\repos\spofs_2017\src\cr_startup_lpc175x_6x.cpp(88): error C2059: syntax error: '('
c:\users\paul\source\repos\spofs_2017\src\cr_startup_lpc175x_6x.cpp(89): error C3646: '__attribute__': unknown override specifier
c:\users\paul\source\repos\spofs_2017\src\cr_startup_lpc175x_6x.cpp(89): error C2059: syntax error: '('
c:\users\paul\source\repos\spofs_2017\src\cr_startup_lpc175x_6x.cpp(89): error C2143: syntax error: missing ')' before ','
c:\users\paul\source\repos\spofs_2017\src\cr_startup_lpc175x_6x.cpp(89): error C4430: missing type specifier - int assumed. Note: C++ does not support default-int
c:\users\paul\source\repos\spofs_2017\src\cr_startup_lpc175x_6x.cpp(89): error C2059: syntax error: ')'
c:\users\paul\source\repos\spofs_2017\src\cr_startup_lpc175x_6x.cpp(89): error C2440: 'initializing': cannot convert from 'const char [18]' to 'int'
  c:\users\paul\source\repos\spofs_2017\src\cr_startup_lpc175x_6x.cpp(89): note: There is no context in which this conversion is possible
c:\users\paul\source\repos\spofs_2017\src\cr_startup_lpc175x_6x.cpp(90): error C3646: '__attribute__': unknown override specifier
c:\users\paul\source\repos\spofs_2017\src\cr_startup_lpc175x_6x.cpp(90): error C2059: syntax error: '('
c:\users\paul\source\repos\spofs_2017\src\cr_startup_lpc175x_6x.cpp(90): error C2143: syntax error: missing ')' before ','
c:\users\paul\source\repos\spofs_2017\src\cr_startup_lpc175x_6x.cpp(90): error C4430: missing type specifier - int assumed. Note: C++ does not support default-int
c:\users\paul\source\repos\spofs_2017\src\cr_startup_lpc175x_6x.cpp(90): error C2086: 'int weak': redefinition
  c:\users\paul\source\repos\spofs_2017\src\cr_startup_lpc175x_6x.cpp(89): note: see declaration of 'weak'
c:\users\paul\source\repos\spofs_2017\src\cr_startup_lpc175x_6x.cpp(90): error C2374: 'alias': redefinition; multiple initialization
  c:\users\paul\source\repos\spofs_2017\src\cr_startup_lpc175x_6x.cpp(89): note: see declaration of 'alias'
c:\users\paul\source\repos\spofs_2017\src\cr_startup_lpc175x_6x.cpp(90): error C2059: syntax error: ')'
c:\users\paul\source\repos\spofs_2017\src\cr_startup_lpc175x_6x.cpp(90): error C2440: 'initializing': cannot convert from 'const char [18]' to 'int'
  c:\users\paul\source\repos\spofs_2017\src\cr_startup_lpc175x_6x.cpp(90): note: There is no context in which this conversion is possible
c:\users\paul\source\repos\spofs_2017\src\cr_startup_lpc175x_6x.cpp(91): error C3646: '__attribute__': unknown override specifier
c:\users\paul\source\repos\spofs_2017\src\cr_startup_lpc175x_6x.cpp(91): error C2059: syntax error: '('
c:\users\paul\source\repos\spofs_2017\src\cr_startup_lpc175x_6x.cpp(91): error C2143: syntax error: missing ')' before ','
c:\users\paul\source\repos\spofs_2017\src\cr_startup_lpc175x_6x.cpp(91): error C4430: missing type specifier - int assumed. Note: C++ does not support default-int
c:\users\paul\source\repos\spofs_2017\src\cr_startup_lpc175x_6x.cpp(91): error C2086: 'int weak': redefinition
  c:\users\paul\source\repos\spofs_2017\src\cr_startup_lpc175x_6x.cpp(89): note: see declaration of 'weak'
c:\users\paul\source\repos\spofs_2017\src\cr_startup_lpc175x_6x.cpp(91): error C2374: 'alias': redefinition; multiple initialization
  c:\users\paul\source\repos\spofs_2017\src\cr_startup_lpc175x_6x.cpp(89): note: see declaration of 'alias'
c:\users\paul\source\repos\spofs_2017\src\cr_startup_lpc175x_6x.cpp(91): error C2059: syntax error: ')'
c:\users\paul\source\repos\spofs_2017\src\cr_startup_lpc175x_6x.cpp(91): error C2440: 'initializing': cannot convert from 'const char [18]' to 'int'
  c:\users\paul\source\repos\spofs_2017\src\cr_startup_lpc175x_6x.cpp(91): note: There is no context in which this conversion is possible
c:\users\paul\source\repos\spofs_2017\src\cr_startup_lpc175x_6x.cpp(92): error C3646: '__attribute__': unknown override specifier
c:\users\paul\source\repos\spofs_2017\src\cr_startup_lpc175x_6x.cpp(92): error C2059: syntax error: '('
c:\users\paul\source\repos\spofs_2017\src\cr_startup_lpc175x_6x.cpp(92): error C2143: syntax error: missing ')' before ','
c:\users\paul\source\repos\spofs_2017\src\cr_startup_lpc175x_6x.cpp(92): error C4430: missing type specifier - int assumed. Note: C++ does not support default-int
c:\users\paul\source\repos\spofs_2017\src\cr_startup_lpc175x_6x.cpp(92): error C2086: 'int weak': redefinition
  c:\users\paul\source\repos\spofs_2017\src\cr_startup_lpc175x_6x.cpp(89): note: see declaration of 'weak'
c:\users\paul\source\repos\spofs_2017\src\cr_startup_lpc175x_6x.cpp(92): error C2374: 'alias': redefinition; multiple initialization
  c:\users\paul\source\repos\spofs_2017\src\cr_startup_lpc175x_6x.cpp(89): note: see declaration of 'alias'
c:\users\paul\source\repos\spofs_2017\src\cr_startup_lpc175x_6x.cpp(92): error C2059: syntax error: ')'
c:\users\paul\source\repos\spofs_2017\src\cr_startup_lpc175x_6x.cpp(92): error C2440: 'initializing': cannot convert from 'const char [18]' to 'int'
  c:\users\paul\source\repos\spofs_2017\src\cr_startup_lpc175x_6x.cpp(92): note: There is no context in which this conversion is possible
c:\users\paul\source\repos\spofs_2017\src\cr_startup_lpc175x_6x.cpp(93): error C3646: '__attribute__': unknown override specifier
c:\users\paul\source\repos\spofs_2017\src\cr_startup_lpc175x_6x.cpp(93): error C2059: syntax error: '('
c:\users\paul\source\repos\spofs_2017\src\cr_startup_lpc175x_6x.cpp(93): error C2143: syntax error: missing ')' before ','
c:\users\paul\source\repos\spofs_2017\src\cr_startup_lpc175x_6x.cpp(93): error C4430: missing type specifier - int assumed. Note: C++ does not support default-int
c:\users\paul\source\repos\spofs_2017\src\cr_startup_lpc175x_6x.cpp(93): error C2086: 'int weak': redefinition
  c:\users\paul\source\repos\spofs_2017\src\cr_startup_lpc175x_6x.cpp(89): note: see declaration of 'weak'
c:\users\paul\source\repos\spofs_2017\src\cr_startup_lpc175x_6x.cpp(93): error C2374: 'alias': redefinition; multiple initialization
  c:\users\paul\source\repos\spofs_2017\src\cr_startup_lpc175x_6x.cpp(89): note: see declaration of 'alias'
c:\users\paul\source\repos\spofs_2017\src\cr_startup_lpc175x_6x.cpp(93): error C2059: syntax error: ')'
c:\users\paul\source\repos\spofs_2017\src\cr_startup_lpc175x_6x.cpp(93): error C2440: 'initializing': cannot convert from 'const char [18]' to 'int'
  c:\users\paul\source\repos\spofs_2017\src\cr_startup_lpc175x_6x.cpp(93): note: There is no context in which this conversion is possible
c:\users\paul\source\repos\spofs_2017\src\cr_startup_lpc175x_6x.cpp(94): error C3646: '__attribute__': unknown override specifier
c:\users\paul\source\repos\spofs_2017\src\cr_startup_lpc175x_6x.cpp(94): error C2059: syntax error: '('
c:\users\paul\source\repos\spofs_2017\src\cr_startup_lpc175x_6x.cpp(94): error C2143: syntax error: missing ')' before ','
c:\users\paul\source\repos\spofs_2017\src\cr_startup_lpc175x_6x.cpp(94): error C4430: missing type specifier - int assumed. Note: C++ does not support default-int
c:\users\paul\source\repos\spofs_2017\src\cr_startup_lpc175x_6x.cpp(94): error C2086: 'int weak': redefinition
  c:\users\paul\source\repos\spofs_2017\src\cr_startup_lpc175x_6x.cpp(89): note: see declaration of 'weak'
c:\users\paul\source\repos\spofs_2017\src\cr_startup_lpc175x_6x.cpp(94): error C2374: 'alias': redefinition; multiple initialization
  c:\users\paul\source\repos\spofs_2017\src\cr_startup_lpc175x_6x.cpp(89): note: see declaration of 'alias'
c:\users\paul\source\repos\spofs_2017\src\cr_startup_lpc175x_6x.cpp(94): error C2059: syntax error: ')'
c:\users\paul\source\repos\spofs_2017\src\cr_startup_lpc175x_6x.cpp(94): error C2440: 'initializing': cannot convert from 'const char [18]' to 'int'
  c:\users\paul\source\repos\spofs_2017\src\cr_startup_lpc175x_6x.cpp(94): note: There is no context in which this conversion is possible
c:\users\paul\source\repos\spofs_2017\src\cr_startup_lpc175x_6x.cpp(95): error C3646: '__attribute__': unknown override specifier
c:\users\paul\source\repos\spofs_2017\src\cr_startup_lpc175x_6x.cpp(95): error C2059: syntax error: '('
c:\users\paul\source\repos\spofs_2017\src\cr_startup_lpc175x_6x.cpp(95): error C2143: syntax error: missing ')' before ','
c:\users\paul\source\repos\spofs_2017\src\cr_startup_lpc175x_6x.cpp(95): error C4430: missing type specifier - int assumed. Note: C++ does not support default-int
c:\users\paul\source\repos\spofs_2017\src\cr_startup_lpc175x_6x.cpp(95): error C2086: 'int weak': redefinition
  c:\users\paul\source\repos\spofs_2017\src\cr_startup_lpc175x_6x.cpp(89): note: see declaration of 'weak'
c:\users\paul\source\repos\spofs_2017\src\cr_startup_lpc175x_6x.cpp(95): error C2374: 'alias': redefinition; multiple initialization
  c:\users\paul\source\repos\spofs_2017\src\cr_startup_lpc175x_6x.cpp(89): note: see declaration of 'alias'
c:\users\paul\source\repos\spofs_2017\src\cr_startup_lpc175x_6x.cpp(95): error C2059: syntax error: ')'
c:\users\paul\source\repos\spofs_2017\src\cr_startup_lpc175x_6x.cpp(95): error C2440: 'initializing': cannot convert from 'const char [18]' to 'int'
  c:\users\paul\source\repos\spofs_2017\src\cr_startup_lpc175x_6x.cpp(95): note: There is no context in which this conversion is possible
c:\users\paul\source\repos\spofs_2017\src\cr_startup_lpc175x_6x.cpp(96): error C3646: '__attribute__': unknown override specifier
c:\users\paul\source\repos\spofs_2017\src\cr_startup_lpc175x_6x.cpp(96): error C2059: syntax error: '('
c:\users\paul\source\repos\spofs_2017\src\cr_startup_lpc175x_6x.cpp(96): error C2143: syntax error: missing ')' before ','
c:\users\paul\source\repos\spofs_2017\src\cr_startup_lpc175x_6x.cpp(96): error C4430: missing type specifier - int assumed. Note: C++ does not support default-int
c:\users\paul\source\repos\spofs_2017\src\cr_startup_lpc175x_6x.cpp(96): error C2086: 'int weak': redefinition
  c:\users\paul\source\repos\spofs_2017\src\cr_startup_lpc175x_6x.cpp(89): note: see declaration of 'weak'
c:\users\paul\source\repos\spofs_2017\src\cr_startup_lpc175x_6x.cpp(96): error C2374: 'alias': redefinition; multiple initialization
  c:\users\paul\source\repos\spofs_2017\src\cr_startup_lpc175x_6x.cpp(89): note: see declaration of 'alias'
c:\users\paul\source\repos\spofs_2017\src\cr_startup_lpc175x_6x.cpp(96): error C2059: syntax error: ')'
c:\users\paul\source\repos\spofs_2017\src\cr_startup_lpc175x_6x.cpp(96): error C2440: 'initializing': cannot convert from 'const char [18]' to 'int'
  c:\users\paul\source\repos\spofs_2017\src\cr_startup_lpc175x_6x.cpp(96): note: There is no context in which this conversion is possible
c:\users\paul\source\repos\spofs_2017\src\cr_startup_lpc175x_6x.cpp(97): error C3646: '__attribute__': unknown override specifier
c:\users\paul\source\repos\spofs_2017\src\cr_startup_lpc175x_6x.cpp(97): error C2059: syntax error: '('
c:\users\paul\source\repos\spofs_2017\src\cr_startup_lpc175x_6x.cpp(97): error C2143: syntax error: missing ')' before ','
c:\users\paul\source\repos\spofs_2017\src\cr_startup_lpc175x_6x.cpp(97): error C4430: missing type specifier - int assumed. Note: C++ does not support default-int
c:\users\paul\source\repos\spofs_2017\src\cr_startup_lpc175x_6x.cpp(97): error C2086: 'int weak': redefinition
  c:\users\paul\source\repos\spofs_2017\src\cr_startup_lpc175x_6x.cpp(89): note: see declaration of 'weak'
c:\users\paul\source\repos\spofs_2017\src\cr_startup_lpc175x_6x.cpp(97): error C2374: 'alias': redefinition; multiple initialization
  c:\users\paul\source\repos\spofs_2017\src\cr_startup_lpc175x_6x.cpp(89): note: see declaration of 'alias'
c:\users\paul\source\repos\spofs_2017\src\cr_startup_lpc175x_6x.cpp(97): error C2059: syntax error: ')'
c:\users\paul\source\repos\spofs_2017\src\cr_startup_lpc175x_6x.cpp(97): error C2440: 'initializing': cannot convert from 'const char [18]' to 'int'
  c:\users\paul\source\repos\spofs_2017\src\cr_startup_lpc175x_6x.cpp(97): note: There is no context in which this conversion is possible
c:\users\paul\source\repos\spofs_2017\src\cr_startup_lpc175x_6x.cpp(98): error C3646: '__attribute__': unknown override specifier
c:\users\paul\source\repos\spofs_2017\src\cr_startup_lpc175x_6x.cpp(98): error C2059: syntax error: '('
c:\users\paul\source\repos\spofs_2017\src\cr_startup_lpc175x_6x.cpp(98): error C2143: syntax error: missing ')' before ','
c:\users\paul\source\repos\spofs_2017\src\cr_startup_lpc175x_6x.cpp(98): error C4430: missing type specifier - int assumed. Note: C++ does not support default-int
c:\users\paul\source\repos\spofs_2017\src\cr_startup_lpc175x_6x.cpp(98): error C2086: 'int weak': redefinition
  c:\users\paul\source\repos\spofs_2017\src\cr_startup_lpc175x_6x.cpp(89): note: see declaration of 'weak'
c:\users\paul\source\repos\spofs_2017\src\cr_startup_lpc175x_6x.cpp(98): error C2374: 'alias': redefinition; multiple initialization
  c:\users\paul\source\repos\spofs_2017\src\cr_startup_lpc175x_6x.cpp(89): note: see declaration of 'alias'
c:\users\paul\source\repos\spofs_2017\src\cr_startup_lpc175x_6x.cpp(98): error C2059: syntax error: ')'
c:\users\paul\source\repos\spofs_2017\src\cr_startup_lpc175x_6x.cpp(98): error C2440: 'initializing': cannot convert from 'const char [18]' to 'int'
  c:\users\paul\source\repos\spofs_2017\src\cr_startup_lpc175x_6x.cpp(98): note: There is no context in which this conversion is possible
c:\users\paul\source\repos\spofs_2017\src\cr_startup_lpc175x_6x.cpp(99): error C3646: '__attribute__': unknown override specifier
c:\users\paul\source\repos\spofs_2017\src\cr_startup_lpc175x_6x.cpp(99): error C2059: syntax error: '('
c:\users\paul\source\repos\spofs_2017\src\cr_startup_lpc175x_6x.cpp(99): fatal error C1003: error count exceeds 100; stopping compilation
  cr_cpp_config.cpp
  Clock.cpp
c:\users\paul\source\repos\spofs_2017\inc\core_cm3.h(1291): error C2144: syntax error: 'void' should be preceded by ';'
c:\users\paul\source\repos\spofs_2017\inc\core_cm3.h(1291): error C4430: missing type specifier - int assumed. Note: C++ does not support default-int
c:\users\paul\source\repos\spofs_2017\inc\core_cm3.h(1311): error C4430: missing type specifier - int assumed. Note: C++ does not support default-int
c:\users\paul\source\repos\spofs_2017\inc\core_cm3.h(1311): error C2086: 'int __STATIC_INLINE': redefinition
  c:\users\paul\source\repos\spofs_2017\inc\core_cm3.h(1291): note: see declaration of '__STATIC_INLINE'
c:\users\paul\source\repos\spofs_2017\inc\core_cm3.h(1311): error C2146: syntax error: missing ';' before identifier 'uint32_t'
c:\users\paul\source\repos\spofs_2017\inc\core_cm3.h(1312): error C2143: syntax error: missing ';' before '{'
c:\users\paul\source\repos\spofs_2017\inc\core_cm3.h(1312): error C2447: '{': missing function header (old-style formal list?)
c:\users\paul\source\repos\spofs_2017\inc\core_cm3.h(1323): error C2144: syntax error: 'void' should be preceded by ';'
c:\users\paul\source\repos\spofs_2017\inc\core_cm3.h(1323): error C4430: missing type specifier - int assumed. Note: C++ does not support default-int
c:\users\paul\source\repos\spofs_2017\inc\core_cm3.h(1323): error C2086: 'int __STATIC_INLINE': redefinition
  c:\users\paul\source\repos\spofs_2017\inc\core_cm3.h(1291): note: see declaration of '__STATIC_INLINE'
c:\users\paul\source\repos\spofs_2017\inc\core_cm3.h(1335): error C2144: syntax error: 'void' should be preceded by ';'
c:\users\paul\source\repos\spofs_2017\inc\core_cm3.h(1335): error C4430: missing type specifier - int assumed. Note: C++ does not support default-int
c:\users\paul\source\repos\spofs_2017\inc\core_cm3.h(1335): error C2086: 'int __STATIC_INLINE': redefinition
  c:\users\paul\source\repos\spofs_2017\inc\core_cm3.h(1291): note: see declaration of '__STATIC_INLINE'
c:\users\paul\source\repos\spofs_2017\inc\core_cm3.h(1351): error C4430: missing type specifier - int assumed. Note: C++ does not support default-int
c:\users\paul\source\repos\spofs_2017\inc\core_cm3.h(1351): error C2086: 'int __STATIC_INLINE': redefinition
  c:\users\paul\source\repos\spofs_2017\inc\core_cm3.h(1291): note: see declaration of '__STATIC_INLINE'
c:\users\paul\source\repos\spofs_2017\inc\core_cm3.h(1351): error C2146: syntax error: missing ';' before identifier 'uint32_t'
c:\users\paul\source\repos\spofs_2017\inc\core_cm3.h(1352): error C2143: syntax error: missing ';' before '{'
c:\users\paul\source\repos\spofs_2017\inc\core_cm3.h(1352): error C2447: '{': missing function header (old-style formal list?)
c:\users\paul\source\repos\spofs_2017\inc\core_cm3.h(1363): error C2144: syntax error: 'void' should be preceded by ';'
c:\users\paul\source\repos\spofs_2017\inc\core_cm3.h(1363): error C4430: missing type specifier - int assumed. Note: C++ does not support default-int
c:\users\paul\source\repos\spofs_2017\inc\core_cm3.h(1363): error C2086: 'int __STATIC_INLINE': redefinition
  c:\users\paul\source\repos\spofs_2017\inc\core_cm3.h(1291): note: see declaration of '__STATIC_INLINE'
c:\users\paul\source\repos\spofs_2017\inc\core_cm3.h(1375): error C2144: syntax error: 'void' should be preceded by ';'
c:\users\paul\source\repos\spofs_2017\inc\core_cm3.h(1375): error C4430: missing type specifier - int assumed. Note: C++ does not support default-int
c:\users\paul\source\repos\spofs_2017\inc\core_cm3.h(1375): error C2086: 'int __STATIC_INLINE': redefinition
  c:\users\paul\source\repos\spofs_2017\inc\core_cm3.h(1291): note: see declaration of '__STATIC_INLINE'
c:\users\paul\source\repos\spofs_2017\inc\core_cm3.h(1390): error C4430: missing type specifier - int assumed. Note: C++ does not support default-int
c:\users\paul\source\repos\spofs_2017\inc\core_cm3.h(1390): error C2086: 'int __STATIC_INLINE': redefinition
  c:\users\paul\source\repos\spofs_2017\inc\core_cm3.h(1291): note: see declaration of '__STATIC_INLINE'
c:\users\paul\source\repos\spofs_2017\inc\core_cm3.h(1390): error C2146: syntax error: missing ';' before identifier 'uint32_t'
c:\users\paul\source\repos\spofs_2017\inc\core_cm3.h(1391): error C2143: syntax error: missing ';' before '{'
c:\users\paul\source\repos\spofs_2017\inc\core_cm3.h(1391): error C2447: '{': missing function header (old-style formal list?)
c:\users\paul\source\repos\spofs_2017\inc\core_cm3.h(1405): error C2144: syntax error: 'void' should be preceded by ';'
c:\users\paul\source\repos\spofs_2017\inc\core_cm3.h(1405): error C4430: missing type specifier - int assumed. Note: C++ does not support default-int
c:\users\paul\source\repos\spofs_2017\inc\core_cm3.h(1405): error C2086: 'int __STATIC_INLINE': redefinition
  c:\users\paul\source\repos\spofs_2017\inc\core_cm3.h(1291): note: see declaration of '__STATIC_INLINE'
c:\users\paul\source\repos\spofs_2017\inc\core_cm3.h(1425): error C4430: missing type specifier - int assumed. Note: C++ does not support default-int
c:\users\paul\source\repos\spofs_2017\inc\core_cm3.h(1425): error C2086: 'int __STATIC_INLINE': redefinition
  c:\users\paul\source\repos\spofs_2017\inc\core_cm3.h(1291): note: see declaration of '__STATIC_INLINE'
c:\users\paul\source\repos\spofs_2017\inc\core_cm3.h(1425): error C2146: syntax error: missing ';' before identifier 'uint32_t'
c:\users\paul\source\repos\spofs_2017\inc\core_cm3.h(1426): error C2143: syntax error: missing ';' before '{'
c:\users\paul\source\repos\spofs_2017\inc\core_cm3.h(1426): error C2447: '{': missing function header (old-style formal list?)
c:\users\paul\source\repos\spofs_2017\inc\core_cm3.h(1447): error C4430: missing type specifier - int assumed. Note: C++ does not support default-int
c:\users\paul\source\repos\spofs_2017\inc\core_cm3.h(1447): error C2086: 'int __STATIC_INLINE': redefinition
  c:\users\paul\source\repos\spofs_2017\inc\core_cm3.h(1291): note: see declaration of '__STATIC_INLINE'
c:\users\paul\source\repos\spofs_2017\inc\core_cm3.h(1447): error C2146: syntax error: missing ';' before identifier 'uint32_t'
c:\users\paul\source\repos\spofs_2017\inc\core_cm3.h(1448): error C2143: syntax error: missing ';' before '{'
c:\users\paul\source\repos\spofs_2017\inc\core_cm3.h(1448): error C2447: '{': missing function header (old-style formal list?)
c:\users\paul\source\repos\spofs_2017\inc\core_cm3.h(1475): error C2144: syntax error: 'void' should be preceded by ';'
c:\users\paul\source\repos\spofs_2017\inc\core_cm3.h(1475): error C4430: missing type specifier - int assumed. Note: C++ does not support default-int
c:\users\paul\source\repos\spofs_2017\inc\core_cm3.h(1475): error C2086: 'int __STATIC_INLINE': redefinition
  c:\users\paul\source\repos\spofs_2017\inc\core_cm3.h(1291): note: see declaration of '__STATIC_INLINE'
c:\users\paul\source\repos\spofs_2017\inc\core_cm3.h(1493): error C2144: syntax error: 'void' should be preceded by ';'
c:\users\paul\source\repos\spofs_2017\inc\core_cm3.h(1493): error C4430: missing type specifier - int assumed. Note: C++ does not support default-int
c:\users\paul\source\repos\spofs_2017\inc\core_cm3.h(1493): error C2086: 'int __STATIC_INLINE': redefinition
  c:\users\paul\source\repos\spofs_2017\inc\core_cm3.h(1291): note: see declaration of '__STATIC_INLINE'
c:\users\paul\source\repos\spofs_2017\inc\core_cm3.h(1495): error C3861: '__DSB': identifier not found
c:\users\paul\source\repos\spofs_2017\inc\core_cm3.h(1500): error C3861: '__DSB': identifier not found
c:\users\paul\source\repos\spofs_2017\inc\core_cm3.h(1532): error C4430: missing type specifier - int assumed. Note: C++ does not support default-int
c:\users\paul\source\repos\spofs_2017\inc\core_cm3.h(1532): error C2086: 'int __STATIC_INLINE': redefinition
  c:\users\paul\source\repos\spofs_2017\inc\core_cm3.h(1291): note: see declaration of '__STATIC_INLINE'
c:\users\paul\source\repos\spofs_2017\inc\core_cm3.h(1532): error C2146: syntax error: missing ';' before identifier 'uint32_t'
c:\users\paul\source\repos\spofs_2017\inc\core_cm3.h(1533): error C2143: syntax error: missing ';' before '{'
c:\users\paul\source\repos\spofs_2017\inc\core_cm3.h(1533): error C2447: '{': missing function header (old-style formal list?)
c:\users\paul\source\repos\spofs_2017\inc\core_cm3.h(1572): error C4430: missing type specifier - int assumed. Note: C++ does not support default-int
c:\users\paul\source\repos\spofs_2017\inc\core_cm3.h(1572): error C2086: 'int __STATIC_INLINE': redefinition
  c:\users\paul\source\repos\spofs_2017\inc\core_cm3.h(1291): note: see declaration of '__STATIC_INLINE'
c:\users\paul\source\repos\spofs_2017\inc\core_cm3.h(1572): error C2146: syntax error: missing ';' before identifier 'uint32_t'
c:\users\paul\source\repos\spofs_2017\inc\core_cm3.h(1573): error C2143: syntax error: missing ';' before '{'
c:\users\paul\source\repos\spofs_2017\inc\core_cm3.h(1573): error C2447: '{': missing function header (old-style formal list?)
c:\users\paul\source\repos\spofs_2017\inc\core_cm3.h(1591): error C4430: missing type specifier - int assumed. Note: C++ does not support default-int
c:\users\paul\source\repos\spofs_2017\inc\core_cm3.h(1591): error C2086: 'int __STATIC_INLINE': redefinition
  c:\users\paul\source\repos\spofs_2017\inc\core_cm3.h(1291): note: see declaration of '__STATIC_INLINE'
c:\users\paul\source\repos\spofs_2017\inc\core_cm3.h(1591): error C2146: syntax error: missing ';' before identifier 'int32_t'
c:\users\paul\source\repos\spofs_2017\inc\core_cm3.h(1591): error C2143: syntax error: missing ';' before '{'
c:\users\paul\source\repos\spofs_2017\inc\core_cm3.h(1591): error C2447: '{': missing function header (old-style formal list?)
c:\users\paul\source\repos\spofs_2017\inc\core_cm3.h(1610): error C4430: missing type specifier - int assumed. Note: C++ does not support default-int
c:\users\paul\source\repos\spofs_2017\inc\core_cm3.h(1610): error C2086: 'int __STATIC_INLINE': redefinition
  c:\users\paul\source\repos\spofs_2017\inc\core_cm3.h(1291): note: see declaration of '__STATIC_INLINE'
c:\users\paul\source\repos\spofs_2017\inc\core_cm3.h(1610): error C2146: syntax error: missing ';' before identifier 'int32_t'
c:\users\paul\source\repos\spofs_2017\inc\core_cm3.h(1610): error C2143: syntax error: missing ';' before '{'
c:\users\paul\source\repos\spofs_2017\inc\core_cm3.h(1610): error C2447: '{': missing function header (old-style formal list?)
  Car.cpp
c:\users\paul\source\repos\spofs_2017\inc\core_cm3.h(1291): error C2144: syntax error: 'void' should be preceded by ';'
c:\users\paul\source\repos\spofs_2017\inc\core_cm3.h(1291): error C4430: missing type specifier - int assumed. Note: C++ does not support default-int
c:\users\paul\source\repos\spofs_2017\inc\core_cm3.h(1311): error C4430: missing type specifier - int assumed. Note: C++ does not support default-int
c:\users\paul\source\repos\spofs_2017\inc\core_cm3.h(1311): error C2086: 'int __STATIC_INLINE': redefinition
  c:\users\paul\source\repos\spofs_2017\inc\core_cm3.h(1291): note: see declaration of '__STATIC_INLINE'
c:\users\paul\source\repos\spofs_2017\inc\core_cm3.h(1311): error C2146: syntax error: missing ';' before identifier 'uint32_t'
c:\users\paul\source\repos\spofs_2017\inc\core_cm3.h(1312): error C2143: syntax error: missing ';' before '{'
c:\users\paul\source\repos\spofs_2017\inc\core_cm3.h(1312): error C2447: '{': missing function header (old-style formal list?)
c:\users\paul\source\repos\spofs_2017\inc\core_cm3.h(1323): error C2144: syntax error: 'void' should be preceded by ';'
c:\users\paul\source\repos\spofs_2017\inc\core_cm3.h(1323): error C4430: missing type specifier - int assumed. Note: C++ does not support default-int
c:\users\paul\source\repos\spofs_2017\inc\core_cm3.h(1323): error C2086: 'int __STATIC_INLINE': redefinition
  c:\users\paul\source\repos\spofs_2017\inc\core_cm3.h(1291): note: see declaration of '__STATIC_INLINE'
c:\users\paul\source\repos\spofs_2017\inc\core_cm3.h(1335): error C2144: syntax error: 'void' should be preceded by ';'
c:\users\paul\source\repos\spofs_2017\inc\core_cm3.h(1335): error C4430: missing type specifier - int assumed. Note: C++ does not support default-int
c:\users\paul\source\repos\spofs_2017\inc\core_cm3.h(1335): error C2086: 'int __STATIC_INLINE': redefinition
  c:\users\paul\source\repos\spofs_2017\inc\core_cm3.h(1291): note: see declaration of '__STATIC_INLINE'
c:\users\paul\source\repos\spofs_2017\inc\core_cm3.h(1351): error C4430: missing type specifier - int assumed. Note: C++ does not support default-int
c:\users\paul\source\repos\spofs_2017\inc\core_cm3.h(1351): error C2086: 'int __STATIC_INLINE': redefinition
  c:\users\paul\source\repos\spofs_2017\inc\core_cm3.h(1291): note: see declaration of '__STATIC_INLINE'
c:\users\paul\source\repos\spofs_2017\inc\core_cm3.h(1351): error C2146: syntax error: missing ';' before identifier 'uint32_t'
c:\users\paul\source\repos\spofs_2017\inc\core_cm3.h(1352): error C2143: syntax error: missing ';' before '{'
c:\users\paul\source\repos\spofs_2017\inc\core_cm3.h(1352): error C2447: '{': missing function header (old-style formal list?)
c:\users\paul\source\repos\spofs_2017\inc\core_cm3.h(1363): error C2144: syntax error: 'void' should be preceded by ';'
c:\users\paul\source\repos\spofs_2017\inc\core_cm3.h(1363): error C4430: missing type specifier - int assumed. Note: C++ does not support default-int
c:\users\paul\source\repos\spofs_2017\inc\core_cm3.h(1363): error C2086: 'int __STATIC_INLINE': redefinition
  c:\users\paul\source\repos\spofs_2017\inc\core_cm3.h(1291): note: see declaration of '__STATIC_INLINE'
c:\users\paul\source\repos\spofs_2017\inc\core_cm3.h(1375): error C2144: syntax error: 'void' should be preceded by ';'
c:\users\paul\source\repos\spofs_2017\inc\core_cm3.h(1375): error C4430: missing type specifier - int assumed. Note: C++ does not support default-int
c:\users\paul\source\repos\spofs_2017\inc\core_cm3.h(1375): error C2086: 'int __STATIC_INLINE': redefinition
  c:\users\paul\source\repos\spofs_2017\inc\core_cm3.h(1291): note: see declaration of '__STATIC_INLINE'
c:\users\paul\source\repos\spofs_2017\inc\core_cm3.h(1390): error C4430: missing type specifier - int assumed. Note: C++ does not support default-int
c:\users\paul\source\repos\spofs_2017\inc\core_cm3.h(1390): error C2086: 'int __STATIC_INLINE': redefinition
  c:\users\paul\source\repos\spofs_2017\inc\core_cm3.h(1291): note: see declaration of '__STATIC_INLINE'
c:\users\paul\source\repos\spofs_2017\inc\core_cm3.h(1390): error C2146: syntax error: missing ';' before identifier 'uint32_t'
c:\users\paul\source\repos\spofs_2017\inc\core_cm3.h(1391): error C2143: syntax error: missing ';' before '{'
c:\users\paul\source\repos\spofs_2017\inc\core_cm3.h(1391): error C2447: '{': missing function header (old-style formal list?)
c:\users\paul\source\repos\spofs_2017\inc\core_cm3.h(1405): error C2144: syntax error: 'void' should be preceded by ';'
c:\users\paul\source\repos\spofs_2017\inc\core_cm3.h(1405): error C4430: missing type specifier - int assumed. Note: C++ does not support default-int
c:\users\paul\source\repos\spofs_2017\inc\core_cm3.h(1405): error C2086: 'int __STATIC_INLINE': redefinition
  c:\users\paul\source\repos\spofs_2017\inc\core_cm3.h(1291): note: see declaration of '__STATIC_INLINE'
c:\users\paul\source\repos\spofs_2017\inc\core_cm3.h(1425): error C4430: missing type specifier - int assumed. Note: C++ does not support default-int
c:\users\paul\source\repos\spofs_2017\inc\core_cm3.h(1425): error C2086: 'int __STATIC_INLINE': redefinition
  c:\users\paul\source\repos\spofs_2017\inc\core_cm3.h(1291): note: see declaration of '__STATIC_INLINE'
c:\users\paul\source\repos\spofs_2017\inc\core_cm3.h(1425): error C2146: syntax error: missing ';' before identifier 'uint32_t'
c:\users\paul\source\repos\spofs_2017\inc\core_cm3.h(1426): error C2143: syntax error: missing ';' before '{'
c:\users\paul\source\repos\spofs_2017\inc\core_cm3.h(1426): error C2447: '{': missing function header (old-style formal list?)
c:\users\paul\source\repos\spofs_2017\inc\core_cm3.h(1447): error C4430: missing type specifier - int assumed. Note: C++ does not support default-int
c:\users\paul\source\repos\spofs_2017\inc\core_cm3.h(1447): error C2086: 'int __STATIC_INLINE': redefinition
  c:\users\paul\source\repos\spofs_2017\inc\core_cm3.h(1291): note: see declaration of '__STATIC_INLINE'
c:\users\paul\source\repos\spofs_2017\inc\core_cm3.h(1447): error C2146: syntax error: missing ';' before identifier 'uint32_t'
c:\users\paul\source\repos\spofs_2017\inc\core_cm3.h(1448): error C2143: syntax error: missing ';' before '{'
c:\users\paul\source\repos\spofs_2017\inc\core_cm3.h(1448): error C2447: '{': missing function header (old-style formal list?)
c:\users\paul\source\repos\spofs_2017\inc\core_cm3.h(1475): error C2144: syntax error: 'void' should be preceded by ';'
c:\users\paul\source\repos\spofs_2017\inc\core_cm3.h(1475): error C4430: missing type specifier - int assumed. Note: C++ does not support default-int
c:\users\paul\source\repos\spofs_2017\inc\core_cm3.h(1475): error C2086: 'int __STATIC_INLINE': redefinition
  c:\users\paul\source\repos\spofs_2017\inc\core_cm3.h(1291): note: see declaration of '__STATIC_INLINE'
c:\users\paul\source\repos\spofs_2017\inc\core_cm3.h(1493): error C2144: syntax error: 'void' should be preceded by ';'
c:\users\paul\source\repos\spofs_2017\inc\core_cm3.h(1493): error C4430: missing type specifier - int assumed. Note: C++ does not support default-int
c:\users\paul\source\repos\spofs_2017\inc\core_cm3.h(1493): error C2086: 'int __STATIC_INLINE': redefinition
  c:\users\paul\source\repos\spofs_2017\inc\core_cm3.h(1291): note: see declaration of '__STATIC_INLINE'
c:\users\paul\source\repos\spofs_2017\inc\core_cm3.h(1495): error C3861: '__DSB': identifier not found
c:\users\paul\source\repos\spofs_2017\inc\core_cm3.h(1500): error C3861: '__DSB': identifier not found
c:\users\paul\source\repos\spofs_2017\inc\core_cm3.h(1532): error C4430: missing type specifier - int assumed. Note: C++ does not support default-int
c:\users\paul\source\repos\spofs_2017\inc\core_cm3.h(1532): error C2086: 'int __STATIC_INLINE': redefinition
  c:\users\paul\source\repos\spofs_2017\inc\core_cm3.h(1291): note: see declaration of '__STATIC_INLINE'
c:\users\paul\source\repos\spofs_2017\inc\core_cm3.h(1532): error C2146: syntax error: missing ';' before identifier 'uint32_t'
c:\users\paul\source\repos\spofs_2017\inc\core_cm3.h(1533): error C2143: syntax error: missing ';' before '{'
c:\users\paul\source\repos\spofs_2017\inc\core_cm3.h(1533): error C2447: '{': missing function header (old-style formal list?)
c:\users\paul\source\repos\spofs_2017\inc\core_cm3.h(1572): error C4430: missing type specifier - int assumed. Note: C++ does not support default-int
c:\users\paul\source\repos\spofs_2017\inc\core_cm3.h(1572): error C2086: 'int __STATIC_INLINE': redefinition
  c:\users\paul\source\repos\spofs_2017\inc\core_cm3.h(1291): note: see declaration of '__STATIC_INLINE'
c:\users\paul\source\repos\spofs_2017\inc\core_cm3.h(1572): error C2146: syntax error: missing ';' before identifier 'uint32_t'
c:\users\paul\source\repos\spofs_2017\inc\core_cm3.h(1573): error C2143: syntax error: missing ';' before '{'
c:\users\paul\source\repos\spofs_2017\inc\core_cm3.h(1573): error C2447: '{': missing function header (old-style formal list?)
c:\users\paul\source\repos\spofs_2017\inc\core_cm3.h(1591): error C4430: missing type specifier - int assumed. Note: C++ does not support default-int
c:\users\paul\source\repos\spofs_2017\inc\core_cm3.h(1591): error C2086: 'int __STATIC_INLINE': redefinition
  c:\users\paul\source\repos\spofs_2017\inc\core_cm3.h(1291): note: see declaration of '__STATIC_INLINE'
c:\users\paul\source\repos\spofs_2017\inc\core_cm3.h(1591): error C2146: syntax error: missing ';' before identifier 'int32_t'
c:\users\paul\source\repos\spofs_2017\inc\core_cm3.h(1591): error C2143: syntax error: missing ';' before '{'
c:\users\paul\source\repos\spofs_2017\inc\core_cm3.h(1591): error C2447: '{': missing function header (old-style formal list?)
c:\users\paul\source\repos\spofs_2017\inc\core_cm3.h(1610): error C4430: missing type specifier - int assumed. Note: C++ does not support default-int
c:\users\paul\source\repos\spofs_2017\inc\core_cm3.h(1610): error C2086: 'int __STATIC_INLINE': redefinition
  c:\users\paul\source\repos\spofs_2017\inc\core_cm3.h(1291): note: see declaration of '__STATIC_INLINE'
c:\users\paul\source\repos\spofs_2017\inc\core_cm3.h(1610): error C2146: syntax error: missing ';' before identifier 'int32_t'
c:\users\paul\source\repos\spofs_2017\inc\core_cm3.h(1610): error C2143: syntax error: missing ';' before '{'
c:\users\paul\source\repos\spofs_2017\inc\core_cm3.h(1610): error C2447: '{': missing function header (old-style formal list?)
c:\users\paul\source\repos\spofs_2017\inc\commondefs.h(3): error C2371: 'uint32_t': redefinition; different basic types
  d:\programs\visual studio 2015\vc\include\stdint.h(23): note: see declaration of 'uint32_t'
  ButtonGPIO4.cpp
c:\users\paul\source\repos\spofs_2017\inc\core_cm3.h(1291): error C2144: syntax error: 'void' should be preceded by ';'
c:\users\paul\source\repos\spofs_2017\inc\core_cm3.h(1291): error C4430: missing type specifier - int assumed. Note: C++ does not support default-int
c:\users\paul\source\repos\spofs_2017\inc\core_cm3.h(1311): error C4430: missing type specifier - int assumed. Note: C++ does not support default-int
c:\users\paul\source\repos\spofs_2017\inc\core_cm3.h(1311): error C2086: 'int __STATIC_INLINE': redefinition
  c:\users\paul\source\repos\spofs_2017\inc\core_cm3.h(1291): note: see declaration of '__STATIC_INLINE'
c:\users\paul\source\repos\spofs_2017\inc\core_cm3.h(1311): error C2146: syntax error: missing ';' before identifier 'uint32_t'
c:\users\paul\source\repos\spofs_2017\inc\core_cm3.h(1312): error C2143: syntax error: missing ';' before '{'
c:\users\paul\source\repos\spofs_2017\inc\core_cm3.h(1312): error C2447: '{': missing function header (old-style formal list?)
c:\users\paul\source\repos\spofs_2017\inc\core_cm3.h(1323): error C2144: syntax error: 'void' should be preceded by ';'
c:\users\paul\source\repos\spofs_2017\inc\core_cm3.h(1323): error C4430: missing type specifier - int assumed. Note: C++ does not support default-int
c:\users\paul\source\repos\spofs_2017\inc\core_cm3.h(1323): error C2086: 'int __STATIC_INLINE': redefinition
  c:\users\paul\source\repos\spofs_2017\inc\core_cm3.h(1291): note: see declaration of '__STATIC_INLINE'
c:\users\paul\source\repos\spofs_2017\inc\core_cm3.h(1335): error C2144: syntax error: 'void' should be preceded by ';'
c:\users\paul\source\repos\spofs_2017\inc\core_cm3.h(1335): error C4430: missing type specifier - int assumed. Note: C++ does not support default-int
c:\users\paul\source\repos\spofs_2017\inc\core_cm3.h(1335): error C2086: 'int __STATIC_INLINE': redefinition
  c:\users\paul\source\repos\spofs_2017\inc\core_cm3.h(1291): note: see declaration of '__STATIC_INLINE'
c:\users\paul\source\repos\spofs_2017\inc\core_cm3.h(1351): error C4430: missing type specifier - int assumed. Note: C++ does not support default-int
c:\users\paul\source\repos\spofs_2017\inc\core_cm3.h(1351): error C2086: 'int __STATIC_INLINE': redefinition
  c:\users\paul\source\repos\spofs_2017\inc\core_cm3.h(1291): note: see declaration of '__STATIC_INLINE'
c:\users\paul\source\repos\spofs_2017\inc\core_cm3.h(1351): error C2146: syntax error: missing ';' before identifier 'uint32_t'
c:\users\paul\source\repos\spofs_2017\inc\core_cm3.h(1352): error C2143: syntax error: missing ';' before '{'
c:\users\paul\source\repos\spofs_2017\inc\core_cm3.h(1352): error C2447: '{': missing function header (old-style formal list?)
c:\users\paul\source\repos\spofs_2017\inc\core_cm3.h(1363): error C2144: syntax error: 'void' should be preceded by ';'
c:\users\paul\source\repos\spofs_2017\inc\core_cm3.h(1363): error C4430: missing type specifier - int assumed. Note: C++ does not support default-int
c:\users\paul\source\repos\spofs_2017\inc\core_cm3.h(1363): error C2086: 'int __STATIC_INLINE': redefinition
  c:\users\paul\source\repos\spofs_2017\inc\core_cm3.h(1291): note: see declaration of '__STATIC_INLINE'
c:\users\paul\source\repos\spofs_2017\inc\core_cm3.h(1375): error C2144: syntax error: 'void' should be preceded by ';'
c:\users\paul\source\repos\spofs_2017\inc\core_cm3.h(1375): error C4430: missing type specifier - int assumed. Note: C++ does not support default-int
c:\users\paul\source\repos\spofs_2017\inc\core_cm3.h(1375): error C2086: 'int __STATIC_INLINE': redefinition
  c:\users\paul\source\repos\spofs_2017\inc\core_cm3.h(1291): note: see declaration of '__STATIC_INLINE'
c:\users\paul\source\repos\spofs_2017\inc\core_cm3.h(1390): error C4430: missing type specifier - int assumed. Note: C++ does not support default-int
c:\users\paul\source\repos\spofs_2017\inc\core_cm3.h(1390): error C2086: 'int __STATIC_INLINE': redefinition
  c:\users\paul\source\repos\spofs_2017\inc\core_cm3.h(1291): note: see declaration of '__STATIC_INLINE'
c:\users\paul\source\repos\spofs_2017\inc\core_cm3.h(1390): error C2146: syntax error: missing ';' before identifier 'uint32_t'
c:\users\paul\source\repos\spofs_2017\inc\core_cm3.h(1391): error C2143: syntax error: missing ';' before '{'
c:\users\paul\source\repos\spofs_2017\inc\core_cm3.h(1391): error C2447: '{': missing function header (old-style formal list?)
c:\users\paul\source\repos\spofs_2017\inc\core_cm3.h(1405): error C2144: syntax error: 'void' should be preceded by ';'
c:\users\paul\source\repos\spofs_2017\inc\core_cm3.h(1405): error C4430: missing type specifier - int assumed. Note: C++ does not support default-int
c:\users\paul\source\repos\spofs_2017\inc\core_cm3.h(1405): error C2086: 'int __STATIC_INLINE': redefinition
  c:\users\paul\source\repos\spofs_2017\inc\core_cm3.h(1291): note: see declaration of '__STATIC_INLINE'
c:\users\paul\source\repos\spofs_2017\inc\core_cm3.h(1425): error C4430: missing type specifier - int assumed. Note: C++ does not support default-int
c:\users\paul\source\repos\spofs_2017\inc\core_cm3.h(1425): error C2086: 'int __STATIC_INLINE': redefinition
  c:\users\paul\source\repos\spofs_2017\inc\core_cm3.h(1291): note: see declaration of '__STATIC_INLINE'
c:\users\paul\source\repos\spofs_2017\inc\core_cm3.h(1425): error C2146: syntax error: missing ';' before identifier 'uint32_t'
c:\users\paul\source\repos\spofs_2017\inc\core_cm3.h(1426): error C2143: syntax error: missing ';' before '{'
c:\users\paul\source\repos\spofs_2017\inc\core_cm3.h(1426): error C2447: '{': missing function header (old-style formal list?)
c:\users\paul\source\repos\spofs_2017\inc\core_cm3.h(1447): error C4430: missing type specifier - int assumed. Note: C++ does not support default-int
c:\users\paul\source\repos\spofs_2017\inc\core_cm3.h(1447): error C2086: 'int __STATIC_INLINE': redefinition
  c:\users\paul\source\repos\spofs_2017\inc\core_cm3.h(1291): note: see declaration of '__STATIC_INLINE'
c:\users\paul\source\repos\spofs_2017\inc\core_cm3.h(1447): error C2146: syntax error: missing ';' before identifier 'uint32_t'
c:\users\paul\source\repos\spofs_2017\inc\core_cm3.h(1448): error C2143: syntax error: missing ';' before '{'
c:\users\paul\source\repos\spofs_2017\inc\core_cm3.h(1448): error C2447: '{': missing function header (old-style formal list?)
c:\users\paul\source\repos\spofs_2017\inc\core_cm3.h(1475): error C2144: syntax error: 'void' should be preceded by ';'
c:\users\paul\source\repos\spofs_2017\inc\core_cm3.h(1475): error C4430: missing type specifier - int assumed. Note: C++ does not support default-int
c:\users\paul\source\repos\spofs_2017\inc\core_cm3.h(1475): error C2086: 'int __STATIC_INLINE': redefinition
  c:\users\paul\source\repos\spofs_2017\inc\core_cm3.h(1291): note: see declaration of '__STATIC_INLINE'
c:\users\paul\source\repos\spofs_2017\inc\core_cm3.h(1493): error C2144: syntax error: 'void' should be preceded by ';'
c:\users\paul\source\repos\spofs_2017\inc\core_cm3.h(1493): error C4430: missing type specifier - int assumed. Note: C++ does not support default-int
c:\users\paul\source\repos\spofs_2017\inc\core_cm3.h(1493): error C2086: 'int __STATIC_INLINE': redefinition
  c:\users\paul\source\repos\spofs_2017\inc\core_cm3.h(1291): note: see declaration of '__STATIC_INLINE'
c:\users\paul\source\repos\spofs_2017\inc\core_cm3.h(1495): error C3861: '__DSB': identifier not found
c:\users\paul\source\repos\spofs_2017\inc\core_cm3.h(1500): error C3861: '__DSB': identifier not found
c:\users\paul\source\repos\spofs_2017\inc\core_cm3.h(1532): error C4430: missing type specifier - int assumed. Note: C++ does not support default-int
c:\users\paul\source\repos\spofs_2017\inc\core_cm3.h(1532): error C2086: 'int __STATIC_INLINE': redefinition
  c:\users\paul\source\repos\spofs_2017\inc\core_cm3.h(1291): note: see declaration of '__STATIC_INLINE'
c:\users\paul\source\repos\spofs_2017\inc\core_cm3.h(1532): error C2146: syntax error: missing ';' before identifier 'uint32_t'
c:\users\paul\source\repos\spofs_2017\inc\core_cm3.h(1533): error C2143: syntax error: missing ';' before '{'
c:\users\paul\source\repos\spofs_2017\inc\core_cm3.h(1533): error C2447: '{': missing function header (old-style formal list?)
c:\users\paul\source\repos\spofs_2017\inc\core_cm3.h(1572): error C4430: missing type specifier - int assumed. Note: C++ does not support default-int
c:\users\paul\source\repos\spofs_2017\inc\core_cm3.h(1572): error C2086: 'int __STATIC_INLINE': redefinition
  c:\users\paul\source\repos\spofs_2017\inc\core_cm3.h(1291): note: see declaration of '__STATIC_INLINE'
c:\users\paul\source\repos\spofs_2017\inc\core_cm3.h(1572): error C2146: syntax error: missing ';' before identifier 'uint32_t'
c:\users\paul\source\repos\spofs_2017\inc\core_cm3.h(1573): error C2143: syntax error: missing ';' before '{'
c:\users\paul\source\repos\spofs_2017\inc\core_cm3.h(1573): error C2447: '{': missing function header (old-style formal list?)
c:\users\paul\source\repos\spofs_2017\inc\core_cm3.h(1591): error C4430: missing type specifier - int assumed. Note: C++ does not support default-int
c:\users\paul\source\repos\spofs_2017\inc\core_cm3.h(1591): error C2086: 'int __STATIC_INLINE': redefinition
  c:\users\paul\source\repos\spofs_2017\inc\core_cm3.h(1291): note: see declaration of '__STATIC_INLINE'
c:\users\paul\source\repos\spofs_2017\inc\core_cm3.h(1591): error C2146: syntax error: missing ';' before identifier 'int32_t'
c:\users\paul\source\repos\spofs_2017\inc\core_cm3.h(1591): error C2143: syntax error: missing ';' before '{'
c:\users\paul\source\repos\spofs_2017\inc\core_cm3.h(1591): error C2447: '{': missing function header (old-style formal list?)
c:\users\paul\source\repos\spofs_2017\inc\core_cm3.h(1610): error C4430: missing type specifier - int assumed. Note: C++ does not support default-int
c:\users\paul\source\repos\spofs_2017\inc\core_cm3.h(1610): error C2086: 'int __STATIC_INLINE': redefinition
  c:\users\paul\source\repos\spofs_2017\inc\core_cm3.h(1291): note: see declaration of '__STATIC_INLINE'
c:\users\paul\source\repos\spofs_2017\inc\core_cm3.h(1610): error C2146: syntax error: missing ';' before identifier 'int32_t'
c:\users\paul\source\repos\spofs_2017\inc\core_cm3.h(1610): error C2143: syntax error: missing ';' before '{'
c:\users\paul\source\repos\spofs_2017\inc\core_cm3.h(1610): error C2447: '{': missing function header (old-style formal list?)
c:\users\paul\source\repos\spofs_2017\src\buttongpio4.cpp(12): error C2664: 'Button::Button(const Button &)': cannot convert argument 1 from 'int8_t' to 'const Button &'
  c:\users\paul\source\repos\spofs_2017\src\buttongpio4.cpp(12): note: Reason: cannot convert from 'int8_t' to 'const Button'
  c:\users\paul\source\repos\spofs_2017\src\buttongpio4.cpp(12): note: No constructor could take the source type, or constructor overload resolution was ambiguous
  ButtonGPIO3.cpp
c:\users\paul\source\repos\spofs_2017\inc\core_cm3.h(1291): error C2144: syntax error: 'void' should be preceded by ';'
c:\users\paul\source\repos\spofs_2017\inc\core_cm3.h(1291): error C4430: missing type specifier - int assumed. Note: C++ does not support default-int
c:\users\paul\source\repos\spofs_2017\inc\core_cm3.h(1311): error C4430: missing type specifier - int assumed. Note: C++ does not support default-int
c:\users\paul\source\repos\spofs_2017\inc\core_cm3.h(1311): error C2086: 'int __STATIC_INLINE': redefinition
  c:\users\paul\source\repos\spofs_2017\inc\core_cm3.h(1291): note: see declaration of '__STATIC_INLINE'
c:\users\paul\source\repos\spofs_2017\inc\core_cm3.h(1311): error C2146: syntax error: missing ';' before identifier 'uint32_t'
c:\users\paul\source\repos\spofs_2017\inc\core_cm3.h(1312): error C2143: syntax error: missing ';' before '{'
c:\users\paul\source\repos\spofs_2017\inc\core_cm3.h(1312): error C2447: '{': missing function header (old-style formal list?)
c:\users\paul\source\repos\spofs_2017\inc\core_cm3.h(1323): error C2144: syntax error: 'void' should be preceded by ';'
c:\users\paul\source\repos\spofs_2017\inc\core_cm3.h(1323): error C4430: missing type specifier - int assumed. Note: C++ does not support default-int
c:\users\paul\source\repos\spofs_2017\inc\core_cm3.h(1323): error C2086: 'int __STATIC_INLINE': redefinition
  c:\users\paul\source\repos\spofs_2017\inc\core_cm3.h(1291): note: see declaration of '__STATIC_INLINE'
c:\users\paul\source\repos\spofs_2017\inc\core_cm3.h(1335): error C2144: syntax error: 'void' should be preceded by ';'
c:\users\paul\source\repos\spofs_2017\inc\core_cm3.h(1335): error C4430: missing type specifier - int assumed. Note: C++ does not support default-int
c:\users\paul\source\repos\spofs_2017\inc\core_cm3.h(1335): error C2086: 'int __STATIC_INLINE': redefinition
  c:\users\paul\source\repos\spofs_2017\inc\core_cm3.h(1291): note: see declaration of '__STATIC_INLINE'
c:\users\paul\source\repos\spofs_2017\inc\core_cm3.h(1351): error C4430: missing type specifier - int assumed. Note: C++ does not support default-int
c:\users\paul\source\repos\spofs_2017\inc\core_cm3.h(1351): error C2086: 'int __STATIC_INLINE': redefinition
  c:\users\paul\source\repos\spofs_2017\inc\core_cm3.h(1291): note: see declaration of '__STATIC_INLINE'
c:\users\paul\source\repos\spofs_2017\inc\core_cm3.h(1351): error C2146: syntax error: missing ';' before identifier 'uint32_t'
c:\users\paul\source\repos\spofs_2017\inc\core_cm3.h(1352): error C2143: syntax error: missing ';' before '{'
c:\users\paul\source\repos\spofs_2017\inc\core_cm3.h(1352): error C2447: '{': missing function header (old-style formal list?)
c:\users\paul\source\repos\spofs_2017\inc\core_cm3.h(1363): error C2144: syntax error: 'void' should be preceded by ';'
c:\users\paul\source\repos\spofs_2017\inc\core_cm3.h(1363): error C4430: missing type specifier - int assumed. Note: C++ does not support default-int
c:\users\paul\source\repos\spofs_2017\inc\core_cm3.h(1363): error C2086: 'int __STATIC_INLINE': redefinition
  c:\users\paul\source\repos\spofs_2017\inc\core_cm3.h(1291): note: see declaration of '__STATIC_INLINE'
c:\users\paul\source\repos\spofs_2017\inc\core_cm3.h(1375): error C2144: syntax error: 'void' should be preceded by ';'
c:\users\paul\source\repos\spofs_2017\inc\core_cm3.h(1375): error C4430: missing type specifier - int assumed. Note: C++ does not support default-int
c:\users\paul\source\repos\spofs_2017\inc\core_cm3.h(1375): error C2086: 'int __STATIC_INLINE': redefinition
  c:\users\paul\source\repos\spofs_2017\inc\core_cm3.h(1291): note: see declaration of '__STATIC_INLINE'
c:\users\paul\source\repos\spofs_2017\inc\core_cm3.h(1390): error C4430: missing type specifier - int assumed. Note: C++ does not support default-int
c:\users\paul\source\repos\spofs_2017\inc\core_cm3.h(1390): error C2086: 'int __STATIC_INLINE': redefinition
  c:\users\paul\source\repos\spofs_2017\inc\core_cm3.h(1291): note: see declaration of '__STATIC_INLINE'
c:\users\paul\source\repos\spofs_2017\inc\core_cm3.h(1390): error C2146: syntax error: missing ';' before identifier 'uint32_t'
c:\users\paul\source\repos\spofs_2017\inc\core_cm3.h(1391): error C2143: syntax error: missing ';' before '{'
c:\users\paul\source\repos\spofs_2017\inc\core_cm3.h(1391): error C2447: '{': missing function header (old-style formal list?)
c:\users\paul\source\repos\spofs_2017\inc\core_cm3.h(1405): error C2144: syntax error: 'void' should be preceded by ';'
c:\users\paul\source\repos\spofs_2017\inc\core_cm3.h(1405): error C4430: missing type specifier - int assumed. Note: C++ does not support default-int
c:\users\paul\source\repos\spofs_2017\inc\core_cm3.h(1405): error C2086: 'int __STATIC_INLINE': redefinition
  c:\users\paul\source\repos\spofs_2017\inc\core_cm3.h(1291): note: see declaration of '__STATIC_INLINE'
c:\users\paul\source\repos\spofs_2017\inc\core_cm3.h(1425): error C4430: missing type specifier - int assumed. Note: C++ does not support default-int
c:\users\paul\source\repos\spofs_2017\inc\core_cm3.h(1425): error C2086: 'int __STATIC_INLINE': redefinition
  c:\users\paul\source\repos\spofs_2017\inc\core_cm3.h(1291): note: see declaration of '__STATIC_INLINE'
c:\users\paul\source\repos\spofs_2017\inc\core_cm3.h(1425): error C2146: syntax error: missing ';' before identifier 'uint32_t'
c:\users\paul\source\repos\spofs_2017\inc\core_cm3.h(1426): error C2143: syntax error: missing ';' before '{'
c:\users\paul\source\repos\spofs_2017\inc\core_cm3.h(1426): error C2447: '{': missing function header (old-style formal list?)
c:\users\paul\source\repos\spofs_2017\inc\core_cm3.h(1447): error C4430: missing type specifier - int assumed. Note: C++ does not support default-int
c:\users\paul\source\repos\spofs_2017\inc\core_cm3.h(1447): error C2086: 'int __STATIC_INLINE': redefinition
  c:\users\paul\source\repos\spofs_2017\inc\core_cm3.h(1291): note: see declaration of '__STATIC_INLINE'
c:\users\paul\source\repos\spofs_2017\inc\core_cm3.h(1447): error C2146: syntax error: missing ';' before identifier 'uint32_t'
c:\users\paul\source\repos\spofs_2017\inc\core_cm3.h(1448): error C2143: syntax error: missing ';' before '{'
c:\users\paul\source\repos\spofs_2017\inc\core_cm3.h(1448): error C2447: '{': missing function header (old-style formal list?)
c:\users\paul\source\repos\spofs_2017\inc\core_cm3.h(1475): error C2144: syntax error: 'void' should be preceded by ';'
c:\users\paul\source\repos\spofs_2017\inc\core_cm3.h(1475): error C4430: missing type specifier - int assumed. Note: C++ does not support default-int
c:\users\paul\source\repos\spofs_2017\inc\core_cm3.h(1475): error C2086: 'int __STATIC_INLINE': redefinition
  c:\users\paul\source\repos\spofs_2017\inc\core_cm3.h(1291): note: see declaration of '__STATIC_INLINE'
c:\users\paul\source\repos\spofs_2017\inc\core_cm3.h(1493): error C2144: syntax error: 'void' should be preceded by ';'
c:\users\paul\source\repos\spofs_2017\inc\core_cm3.h(1493): error C4430: missing type specifier - int assumed. Note: C++ does not support default-int
c:\users\paul\source\repos\spofs_2017\inc\core_cm3.h(1493): error C2086: 'int __STATIC_INLINE': redefinition
  c:\users\paul\source\repos\spofs_2017\inc\core_cm3.h(1291): note: see declaration of '__STATIC_INLINE'
c:\users\paul\source\repos\spofs_2017\inc\core_cm3.h(1495): error C3861: '__DSB': identifier not found
c:\users\paul\source\repos\spofs_2017\inc\core_cm3.h(1500): error C3861: '__DSB': identifier not found
c:\users\paul\source\repos\spofs_2017\inc\core_cm3.h(1532): error C4430: missing type specifier - int assumed. Note: C++ does not support default-int
c:\users\paul\source\repos\spofs_2017\inc\core_cm3.h(1532): error C2086: 'int __STATIC_INLINE': redefinition
  c:\users\paul\source\repos\spofs_2017\inc\core_cm3.h(1291): note: see declaration of '__STATIC_INLINE'
c:\users\paul\source\repos\spofs_2017\inc\core_cm3.h(1532): error C2146: syntax error: missing ';' before identifier 'uint32_t'
c:\users\paul\source\repos\spofs_2017\inc\core_cm3.h(1533): error C2143: syntax error: missing ';' before '{'
c:\users\paul\source\repos\spofs_2017\inc\core_cm3.h(1533): error C2447: '{': missing function header (old-style formal list?)
c:\users\paul\source\repos\spofs_2017\inc\core_cm3.h(1572): error C4430: missing type specifier - int assumed. Note: C++ does not support default-int
c:\users\paul\source\repos\spofs_2017\inc\core_cm3.h(1572): error C2086: 'int __STATIC_INLINE': redefinition
  c:\users\paul\source\repos\spofs_2017\inc\core_cm3.h(1291): note: see declaration of '__STATIC_INLINE'
c:\users\paul\source\repos\spofs_2017\inc\core_cm3.h(1572): error C2146: syntax error: missing ';' before identifier 'uint32_t'
c:\users\paul\source\repos\spofs_2017\inc\core_cm3.h(1573): error C2143: syntax error: missing ';' before '{'
c:\users\paul\source\repos\spofs_2017\inc\core_cm3.h(1573): error C2447: '{': missing function header (old-style formal list?)
c:\users\paul\source\repos\spofs_2017\inc\core_cm3.h(1591): error C4430: missing type specifier - int assumed. Note: C++ does not support default-int
c:\users\paul\source\repos\spofs_2017\inc\core_cm3.h(1591): error C2086: 'int __STATIC_INLINE': redefinition
  c:\users\paul\source\repos\spofs_2017\inc\core_cm3.h(1291): note: see declaration of '__STATIC_INLINE'
c:\users\paul\source\repos\spofs_2017\inc\core_cm3.h(1591): error C2146: syntax error: missing ';' before identifier 'int32_t'
c:\users\paul\source\repos\spofs_2017\inc\core_cm3.h(1591): error C2143: syntax error: missing ';' before '{'
c:\users\paul\source\repos\spofs_2017\inc\core_cm3.h(1591): error C2447: '{': missing function header (old-style formal list?)
c:\users\paul\source\repos\spofs_2017\inc\core_cm3.h(1610): error C4430: missing type specifier - int assumed. Note: C++ does not support default-int
c:\users\paul\source\repos\spofs_2017\inc\core_cm3.h(1610): error C2086: 'int __STATIC_INLINE': redefinition
  c:\users\paul\source\repos\spofs_2017\inc\core_cm3.h(1291): note: see declaration of '__STATIC_INLINE'
c:\users\paul\source\repos\spofs_2017\inc\core_cm3.h(1610): error C2146: syntax error: missing ';' before identifier 'int32_t'
c:\users\paul\source\repos\spofs_2017\inc\core_cm3.h(1610): error C2143: syntax error: missing ';' before '{'
c:\users\paul\source\repos\spofs_2017\inc\core_cm3.h(1610): error C2447: '{': missing function header (old-style formal list?)
c:\users\paul\source\repos\spofs_2017\src\buttongpio3.cpp(12): error C2664: 'Button::Button(const Button &)': cannot convert argument 1 from 'int8_t' to 'const Button &'
  c:\users\paul\source\repos\spofs_2017\src\buttongpio3.cpp(12): note: Reason: cannot convert from 'int8_t' to 'const Button'
  c:\users\paul\source\repos\spofs_2017\src\buttongpio3.cpp(12): note: No constructor could take the source type, or constructor overload resolution was ambiguous
  ButtonGPIO2.cpp
c:\users\paul\source\repos\spofs_2017\inc\core_cm3.h(1291): error C2144: syntax error: 'void' should be preceded by ';'
c:\users\paul\source\repos\spofs_2017\inc\core_cm3.h(1291): error C4430: missing type specifier - int assumed. Note: C++ does not support default-int
c:\users\paul\source\repos\spofs_2017\inc\core_cm3.h(1311): error C4430: missing type specifier - int assumed. Note: C++ does not support default-int
c:\users\paul\source\repos\spofs_2017\inc\core_cm3.h(1311): error C2086: 'int __STATIC_INLINE': redefinition
  c:\users\paul\source\repos\spofs_2017\inc\core_cm3.h(1291): note: see declaration of '__STATIC_INLINE'
c:\users\paul\source\repos\spofs_2017\inc\core_cm3.h(1311): error C2146: syntax error: missing ';' before identifier 'uint32_t'
c:\users\paul\source\repos\spofs_2017\inc\core_cm3.h(1312): error C2143: syntax error: missing ';' before '{'
c:\users\paul\source\repos\spofs_2017\inc\core_cm3.h(1312): error C2447: '{': missing function header (old-style formal list?)
c:\users\paul\source\repos\spofs_2017\inc\core_cm3.h(1323): error C2144: syntax error: 'void' should be preceded by ';'
c:\users\paul\source\repos\spofs_2017\inc\core_cm3.h(1323): error C4430: missing type specifier - int assumed. Note: C++ does not support default-int
c:\users\paul\source\repos\spofs_2017\inc\core_cm3.h(1323): error C2086: 'int __STATIC_INLINE': redefinition
  c:\users\paul\source\repos\spofs_2017\inc\core_cm3.h(1291): note: see declaration of '__STATIC_INLINE'
c:\users\paul\source\repos\spofs_2017\inc\core_cm3.h(1335): error C2144: syntax error: 'void' should be preceded by ';'
c:\users\paul\source\repos\spofs_2017\inc\core_cm3.h(1335): error C4430: missing type specifier - int assumed. Note: C++ does not support default-int
c:\users\paul\source\repos\spofs_2017\inc\core_cm3.h(1335): error C2086: 'int __STATIC_INLINE': redefinition
  c:\users\paul\source\repos\spofs_2017\inc\core_cm3.h(1291): note: see declaration of '__STATIC_INLINE'
c:\users\paul\source\repos\spofs_2017\inc\core_cm3.h(1351): error C4430: missing type specifier - int assumed. Note: C++ does not support default-int
c:\users\paul\source\repos\spofs_2017\inc\core_cm3.h(1351): error C2086: 'int __STATIC_INLINE': redefinition
  c:\users\paul\source\repos\spofs_2017\inc\core_cm3.h(1291): note: see declaration of '__STATIC_INLINE'
c:\users\paul\source\repos\spofs_2017\inc\core_cm3.h(1351): error C2146: syntax error: missing ';' before identifier 'uint32_t'
c:\users\paul\source\repos\spofs_2017\inc\core_cm3.h(1352): error C2143: syntax error: missing ';' before '{'
c:\users\paul\source\repos\spofs_2017\inc\core_cm3.h(1352): error C2447: '{': missing function header (old-style formal list?)
c:\users\paul\source\repos\spofs_2017\inc\core_cm3.h(1363): error C2144: syntax error: 'void' should be preceded by ';'
c:\users\paul\source\repos\spofs_2017\inc\core_cm3.h(1363): error C4430: missing type specifier - int assumed. Note: C++ does not support default-int
c:\users\paul\source\repos\spofs_2017\inc\core_cm3.h(1363): error C2086: 'int __STATIC_INLINE': redefinition
  c:\users\paul\source\repos\spofs_2017\inc\core_cm3.h(1291): note: see declaration of '__STATIC_INLINE'
c:\users\paul\source\repos\spofs_2017\inc\core_cm3.h(1375): error C2144: syntax error: 'void' should be preceded by ';'
c:\users\paul\source\repos\spofs_2017\inc\core_cm3.h(1375): error C4430: missing type specifier - int assumed. Note: C++ does not support default-int
c:\users\paul\source\repos\spofs_2017\inc\core_cm3.h(1375): error C2086: 'int __STATIC_INLINE': redefinition
  c:\users\paul\source\repos\spofs_2017\inc\core_cm3.h(1291): note: see declaration of '__STATIC_INLINE'
c:\users\paul\source\repos\spofs_2017\inc\core_cm3.h(1390): error C4430: missing type specifier - int assumed. Note: C++ does not support default-int
c:\users\paul\source\repos\spofs_2017\inc\core_cm3.h(1390): error C2086: 'int __STATIC_INLINE': redefinition
  c:\users\paul\source\repos\spofs_2017\inc\core_cm3.h(1291): note: see declaration of '__STATIC_INLINE'
c:\users\paul\source\repos\spofs_2017\inc\core_cm3.h(1390): error C2146: syntax error: missing ';' before identifier 'uint32_t'
c:\users\paul\source\repos\spofs_2017\inc\core_cm3.h(1391): error C2143: syntax error: missing ';' before '{'
c:\users\paul\source\repos\spofs_2017\inc\core_cm3.h(1391): error C2447: '{': missing function header (old-style formal list?)
c:\users\paul\source\repos\spofs_2017\inc\core_cm3.h(1405): error C2144: syntax error: 'void' should be preceded by ';'
c:\users\paul\source\repos\spofs_2017\inc\core_cm3.h(1405): error C4430: missing type specifier - int assumed. Note: C++ does not support default-int
c:\users\paul\source\repos\spofs_2017\inc\core_cm3.h(1405): error C2086: 'int __STATIC_INLINE': redefinition
  c:\users\paul\source\repos\spofs_2017\inc\core_cm3.h(1291): note: see declaration of '__STATIC_INLINE'
c:\users\paul\source\repos\spofs_2017\inc\core_cm3.h(1425): error C4430: missing type specifier - int assumed. Note: C++ does not support default-int
c:\users\paul\source\repos\spofs_2017\inc\core_cm3.h(1425): error C2086: 'int __STATIC_INLINE': redefinition
  c:\users\paul\source\repos\spofs_2017\inc\core_cm3.h(1291): note: see declaration of '__STATIC_INLINE'
c:\users\paul\source\repos\spofs_2017\inc\core_cm3.h(1425): error C2146: syntax error: missing ';' before identifier 'uint32_t'
c:\users\paul\source\repos\spofs_2017\inc\core_cm3.h(1426): error C2143: syntax error: missing ';' before '{'
c:\users\paul\source\repos\spofs_2017\inc\core_cm3.h(1426): error C2447: '{': missing function header (old-style formal list?)
c:\users\paul\source\repos\spofs_2017\inc\core_cm3.h(1447): error C4430: missing type specifier - int assumed. Note: C++ does not support default-int
c:\users\paul\source\repos\spofs_2017\inc\core_cm3.h(1447): error C2086: 'int __STATIC_INLINE': redefinition
  c:\users\paul\source\repos\spofs_2017\inc\core_cm3.h(1291): note: see declaration of '__STATIC_INLINE'
c:\users\paul\source\repos\spofs_2017\inc\core_cm3.h(1447): error C2146: syntax error: missing ';' before identifier 'uint32_t'
c:\users\paul\source\repos\spofs_2017\inc\core_cm3.h(1448): error C2143: syntax error: missing ';' before '{'
c:\users\paul\source\repos\spofs_2017\inc\core_cm3.h(1448): error C2447: '{': missing function header (old-style formal list?)
c:\users\paul\source\repos\spofs_2017\inc\core_cm3.h(1475): error C2144: syntax error: 'void' should be preceded by ';'
c:\users\paul\source\repos\spofs_2017\inc\core_cm3.h(1475): error C4430: missing type specifier - int assumed. Note: C++ does not support default-int
c:\users\paul\source\repos\spofs_2017\inc\core_cm3.h(1475): error C2086: 'int __STATIC_INLINE': redefinition
  c:\users\paul\source\repos\spofs_2017\inc\core_cm3.h(1291): note: see declaration of '__STATIC_INLINE'
c:\users\paul\source\repos\spofs_2017\inc\core_cm3.h(1493): error C2144: syntax error: 'void' should be preceded by ';'
c:\users\paul\source\repos\spofs_2017\inc\core_cm3.h(1493): error C4430: missing type specifier - int assumed. Note: C++ does not support default-int
c:\users\paul\source\repos\spofs_2017\inc\core_cm3.h(1493): error C2086: 'int __STATIC_INLINE': redefinition
  c:\users\paul\source\repos\spofs_2017\inc\core_cm3.h(1291): note: see declaration of '__STATIC_INLINE'
c:\users\paul\source\repos\spofs_2017\inc\core_cm3.h(1495): error C3861: '__DSB': identifier not found
c:\users\paul\source\repos\spofs_2017\inc\core_cm3.h(1500): error C3861: '__DSB': identifier not found
c:\users\paul\source\repos\spofs_2017\inc\core_cm3.h(1532): error C4430: missing type specifier - int assumed. Note: C++ does not support default-int
c:\users\paul\source\repos\spofs_2017\inc\core_cm3.h(1532): error C2086: 'int __STATIC_INLINE': redefinition
  c:\users\paul\source\repos\spofs_2017\inc\core_cm3.h(1291): note: see declaration of '__STATIC_INLINE'
c:\users\paul\source\repos\spofs_2017\inc\core_cm3.h(1532): error C2146: syntax error: missing ';' before identifier 'uint32_t'
c:\users\paul\source\repos\spofs_2017\inc\core_cm3.h(1533): error C2143: syntax error: missing ';' before '{'
c:\users\paul\source\repos\spofs_2017\inc\core_cm3.h(1533): error C2447: '{': missing function header (old-style formal list?)
c:\users\paul\source\repos\spofs_2017\inc\core_cm3.h(1572): error C4430: missing type specifier - int assumed. Note: C++ does not support default-int
c:\users\paul\source\repos\spofs_2017\inc\core_cm3.h(1572): error C2086: 'int __STATIC_INLINE': redefinition
  c:\users\paul\source\repos\spofs_2017\inc\core_cm3.h(1291): note: see declaration of '__STATIC_INLINE'
c:\users\paul\source\repos\spofs_2017\inc\core_cm3.h(1572): error C2146: syntax error: missing ';' before identifier 'uint32_t'
c:\users\paul\source\repos\spofs_2017\inc\core_cm3.h(1573): error C2143: syntax error: missing ';' before '{'
c:\users\paul\source\repos\spofs_2017\inc\core_cm3.h(1573): error C2447: '{': missing function header (old-style formal list?)
c:\users\paul\source\repos\spofs_2017\inc\core_cm3.h(1591): error C4430: missing type specifier - int assumed. Note: C++ does not support default-int
c:\users\paul\source\repos\spofs_2017\inc\core_cm3.h(1591): error C2086: 'int __STATIC_INLINE': redefinition
  c:\users\paul\source\repos\spofs_2017\inc\core_cm3.h(1291): note: see declaration of '__STATIC_INLINE'
c:\users\paul\source\repos\spofs_2017\inc\core_cm3.h(1591): error C2146: syntax error: missing ';' before identifier 'int32_t'
c:\users\paul\source\repos\spofs_2017\inc\core_cm3.h(1591): error C2143: syntax error: missing ';' before '{'
c:\users\paul\source\repos\spofs_2017\inc\core_cm3.h(1591): error C2447: '{': missing function header (old-style formal list?)
c:\users\paul\source\repos\spofs_2017\inc\core_cm3.h(1610): error C4430: missing type specifier - int assumed. Note: C++ does not support default-int
c:\users\paul\source\repos\spofs_2017\inc\core_cm3.h(1610): error C2086: 'int __STATIC_INLINE': redefinition
  c:\users\paul\source\repos\spofs_2017\inc\core_cm3.h(1291): note: see declaration of '__STATIC_INLINE'
c:\users\paul\source\repos\spofs_2017\inc\core_cm3.h(1610): error C2146: syntax error: missing ';' before identifier 'int32_t'
c:\users\paul\source\repos\spofs_2017\inc\core_cm3.h(1610): error C2143: syntax error: missing ';' before '{'
c:\users\paul\source\repos\spofs_2017\inc\core_cm3.h(1610): error C2447: '{': missing function header (old-style formal list?)
c:\users\paul\source\repos\spofs_2017\src\buttongpio2.cpp(12): error C2664: 'Button::Button(const Button &)': cannot convert argument 1 from 'int8_t' to 'const Button &'
  c:\users\paul\source\repos\spofs_2017\src\buttongpio2.cpp(12): note: Reason: cannot convert from 'int8_t' to 'const Button'
  c:\users\paul\source\repos\spofs_2017\src\buttongpio2.cpp(12): note: No constructor could take the source type, or constructor overload resolution was ambiguous
  ButtonGPIO1.cpp
c:\users\paul\source\repos\spofs_2017\inc\core_cm3.h(1291): error C2144: syntax error: 'void' should be preceded by ';'
c:\users\paul\source\repos\spofs_2017\inc\core_cm3.h(1291): error C4430: missing type specifier - int assumed. Note: C++ does not support default-int
c:\users\paul\source\repos\spofs_2017\inc\core_cm3.h(1311): error C4430: missing type specifier - int assumed. Note: C++ does not support default-int
c:\users\paul\source\repos\spofs_2017\inc\core_cm3.h(1311): error C2086: 'int __STATIC_INLINE': redefinition
  c:\users\paul\source\repos\spofs_2017\inc\core_cm3.h(1291): note: see declaration of '__STATIC_INLINE'
c:\users\paul\source\repos\spofs_2017\inc\core_cm3.h(1311): error C2146: syntax error: missing ';' before identifier 'uint32_t'
c:\users\paul\source\repos\spofs_2017\inc\core_cm3.h(1312): error C2143: syntax error: missing ';' before '{'
c:\users\paul\source\repos\spofs_2017\inc\core_cm3.h(1312): error C2447: '{': missing function header (old-style formal list?)
c:\users\paul\source\repos\spofs_2017\inc\core_cm3.h(1323): error C2144: syntax error: 'void' should be preceded by ';'
c:\users\paul\source\repos\spofs_2017\inc\core_cm3.h(1323): error C4430: missing type specifier - int assumed. Note: C++ does not support default-int
c:\users\paul\source\repos\spofs_2017\inc\core_cm3.h(1323): error C2086: 'int __STATIC_INLINE': redefinition
  c:\users\paul\source\repos\spofs_2017\inc\core_cm3.h(1291): note: see declaration of '__STATIC_INLINE'
c:\users\paul\source\repos\spofs_2017\inc\core_cm3.h(1335): error C2144: syntax error: 'void' should be preceded by ';'
c:\users\paul\source\repos\spofs_2017\inc\core_cm3.h(1335): error C4430: missing type specifier - int assumed. Note: C++ does not support default-int
c:\users\paul\source\repos\spofs_2017\inc\core_cm3.h(1335): error C2086: 'int __STATIC_INLINE': redefinition
  c:\users\paul\source\repos\spofs_2017\inc\core_cm3.h(1291): note: see declaration of '__STATIC_INLINE'
c:\users\paul\source\repos\spofs_2017\inc\core_cm3.h(1351): error C4430: missing type specifier - int assumed. Note: C++ does not support default-int
c:\users\paul\source\repos\spofs_2017\inc\core_cm3.h(1351): error C2086: 'int __STATIC_INLINE': redefinition
  c:\users\paul\source\repos\spofs_2017\inc\core_cm3.h(1291): note: see declaration of '__STATIC_INLINE'
c:\users\paul\source\repos\spofs_2017\inc\core_cm3.h(1351): error C2146: syntax error: missing ';' before identifier 'uint32_t'
c:\users\paul\source\repos\spofs_2017\inc\core_cm3.h(1352): error C2143: syntax error: missing ';' before '{'
c:\users\paul\source\repos\spofs_2017\inc\core_cm3.h(1352): error C2447: '{': missing function header (old-style formal list?)
c:\users\paul\source\repos\spofs_2017\inc\core_cm3.h(1363): error C2144: syntax error: 'void' should be preceded by ';'
c:\users\paul\source\repos\spofs_2017\inc\core_cm3.h(1363): error C4430: missing type specifier - int assumed. Note: C++ does not support default-int
c:\users\paul\source\repos\spofs_2017\inc\core_cm3.h(1363): error C2086: 'int __STATIC_INLINE': redefinition
  c:\users\paul\source\repos\spofs_2017\inc\core_cm3.h(1291): note: see declaration of '__STATIC_INLINE'
c:\users\paul\source\repos\spofs_2017\inc\core_cm3.h(1375): error C2144: syntax error: 'void' should be preceded by ';'
c:\users\paul\source\repos\spofs_2017\inc\core_cm3.h(1375): error C4430: missing type specifier - int assumed. Note: C++ does not support default-int
c:\users\paul\source\repos\spofs_2017\inc\core_cm3.h(1375): error C2086: 'int __STATIC_INLINE': redefinition
  c:\users\paul\source\repos\spofs_2017\inc\core_cm3.h(1291): note: see declaration of '__STATIC_INLINE'
c:\users\paul\source\repos\spofs_2017\inc\core_cm3.h(1390): error C4430: missing type specifier - int assumed. Note: C++ does not support default-int
c:\users\paul\source\repos\spofs_2017\inc\core_cm3.h(1390): error C2086: 'int __STATIC_INLINE': redefinition
  c:\users\paul\source\repos\spofs_2017\inc\core_cm3.h(1291): note: see declaration of '__STATIC_INLINE'
c:\users\paul\source\repos\spofs_2017\inc\core_cm3.h(1390): error C2146: syntax error: missing ';' before identifier 'uint32_t'
c:\users\paul\source\repos\spofs_2017\inc\core_cm3.h(1391): error C2143: syntax error: missing ';' before '{'
c:\users\paul\source\repos\spofs_2017\inc\core_cm3.h(1391): error C2447: '{': missing function header (old-style formal list?)
c:\users\paul\source\repos\spofs_2017\inc\core_cm3.h(1405): error C2144: syntax error: 'void' should be preceded by ';'
c:\users\paul\source\repos\spofs_2017\inc\core_cm3.h(1405): error C4430: missing type specifier - int assumed. Note: C++ does not support default-int
c:\users\paul\source\repos\spofs_2017\inc\core_cm3.h(1405): error C2086: 'int __STATIC_INLINE': redefinition
  c:\users\paul\source\repos\spofs_2017\inc\core_cm3.h(1291): note: see declaration of '__STATIC_INLINE'
c:\users\paul\source\repos\spofs_2017\inc\core_cm3.h(1425): error C4430: missing type specifier - int assumed. Note: C++ does not support default-int
c:\users\paul\source\repos\spofs_2017\inc\core_cm3.h(1425): error C2086: 'int __STATIC_INLINE': redefinition
  c:\users\paul\source\repos\spofs_2017\inc\core_cm3.h(1291): note: see declaration of '__STATIC_INLINE'
c:\users\paul\source\repos\spofs_2017\inc\core_cm3.h(1425): error C2146: syntax error: missing ';' before identifier 'uint32_t'
c:\users\paul\source\repos\spofs_2017\inc\core_cm3.h(1426): error C2143: syntax error: missing ';' before '{'
c:\users\paul\source\repos\spofs_2017\inc\core_cm3.h(1426): error C2447: '{': missing function header (old-style formal list?)
c:\users\paul\source\repos\spofs_2017\inc\core_cm3.h(1447): error C4430: missing type specifier - int assumed. Note: C++ does not support default-int
c:\users\paul\source\repos\spofs_2017\inc\core_cm3.h(1447): error C2086: 'int __STATIC_INLINE': redefinition
  c:\users\paul\source\repos\spofs_2017\inc\core_cm3.h(1291): note: see declaration of '__STATIC_INLINE'
c:\users\paul\source\repos\spofs_2017\inc\core_cm3.h(1447): error C2146: syntax error: missing ';' before identifier 'uint32_t'
c:\users\paul\source\repos\spofs_2017\inc\core_cm3.h(1448): error C2143: syntax error: missing ';' before '{'
c:\users\paul\source\repos\spofs_2017\inc\core_cm3.h(1448): error C2447: '{': missing function header (old-style formal list?)
c:\users\paul\source\repos\spofs_2017\inc\core_cm3.h(1475): error C2144: syntax error: 'void' should be preceded by ';'
c:\users\paul\source\repos\spofs_2017\inc\core_cm3.h(1475): error C4430: missing type specifier - int assumed. Note: C++ does not support default-int
c:\users\paul\source\repos\spofs_2017\inc\core_cm3.h(1475): error C2086: 'int __STATIC_INLINE': redefinition
  c:\users\paul\source\repos\spofs_2017\inc\core_cm3.h(1291): note: see declaration of '__STATIC_INLINE'
c:\users\paul\source\repos\spofs_2017\inc\core_cm3.h(1493): error C2144: syntax error: 'void' should be preceded by ';'
c:\users\paul\source\repos\spofs_2017\inc\core_cm3.h(1493): error C4430: missing type specifier - int assumed. Note: C++ does not support default-int
c:\users\paul\source\repos\spofs_2017\inc\core_cm3.h(1493): error C2086: 'int __STATIC_INLINE': redefinition
  c:\users\paul\source\repos\spofs_2017\inc\core_cm3.h(1291): note: see declaration of '__STATIC_INLINE'
c:\users\paul\source\repos\spofs_2017\inc\core_cm3.h(1495): error C3861: '__DSB': identifier not found
c:\users\paul\source\repos\spofs_2017\inc\core_cm3.h(1500): error C3861: '__DSB': identifier not found
c:\users\paul\source\repos\spofs_2017\inc\core_cm3.h(1532): error C4430: missing type specifier - int assumed. Note: C++ does not support default-int
c:\users\paul\source\repos\spofs_2017\inc\core_cm3.h(1532): error C2086: 'int __STATIC_INLINE': redefinition
  c:\users\paul\source\repos\spofs_2017\inc\core_cm3.h(1291): note: see declaration of '__STATIC_INLINE'
c:\users\paul\source\repos\spofs_2017\inc\core_cm3.h(1532): error C2146: syntax error: missing ';' before identifier 'uint32_t'
c:\users\paul\source\repos\spofs_2017\inc\core_cm3.h(1533): error C2143: syntax error: missing ';' before '{'
c:\users\paul\source\repos\spofs_2017\inc\core_cm3.h(1533): error C2447: '{': missing function header (old-style formal list?)
c:\users\paul\source\repos\spofs_2017\inc\core_cm3.h(1572): error C4430: missing type specifier - int assumed. Note: C++ does not support default-int
c:\users\paul\source\repos\spofs_2017\inc\core_cm3.h(1572): error C2086: 'int __STATIC_INLINE': redefinition
  c:\users\paul\source\repos\spofs_2017\inc\core_cm3.h(1291): note: see declaration of '__STATIC_INLINE'
c:\users\paul\source\repos\spofs_2017\inc\core_cm3.h(1572): error C2146: syntax error: missing ';' before identifier 'uint32_t'
c:\users\paul\source\repos\spofs_2017\inc\core_cm3.h(1573): error C2143: syntax error: missing ';' before '{'
c:\users\paul\source\repos\spofs_2017\inc\core_cm3.h(1573): error C2447: '{': missing function header (old-style formal list?)
c:\users\paul\source\repos\spofs_2017\inc\core_cm3.h(1591): error C4430: missing type specifier - int assumed. Note: C++ does not support default-int
c:\users\paul\source\repos\spofs_2017\inc\core_cm3.h(1591): error C2086: 'int __STATIC_INLINE': redefinition
  c:\users\paul\source\repos\spofs_2017\inc\core_cm3.h(1291): note: see declaration of '__STATIC_INLINE'
c:\users\paul\source\repos\spofs_2017\inc\core_cm3.h(1591): error C2146: syntax error: missing ';' before identifier 'int32_t'
c:\users\paul\source\repos\spofs_2017\inc\core_cm3.h(1591): error C2143: syntax error: missing ';' before '{'
c:\users\paul\source\repos\spofs_2017\inc\core_cm3.h(1591): error C2447: '{': missing function header (old-style formal list?)
c:\users\paul\source\repos\spofs_2017\inc\core_cm3.h(1610): error C4430: missing type specifier - int assumed. Note: C++ does not support default-int
c:\users\paul\source\repos\spofs_2017\inc\core_cm3.h(1610): error C2086: 'int __STATIC_INLINE': redefinition
  c:\users\paul\source\repos\spofs_2017\inc\core_cm3.h(1291): note: see declaration of '__STATIC_INLINE'
c:\users\paul\source\repos\spofs_2017\inc\core_cm3.h(1610): error C2146: syntax error: missing ';' before identifier 'int32_t'
c:\users\paul\source\repos\spofs_2017\inc\core_cm3.h(1610): error C2143: syntax error: missing ';' before '{'
c:\users\paul\source\repos\spofs_2017\inc\core_cm3.h(1610): error C2447: '{': missing function header (old-style formal list?)
c:\users\paul\source\repos\spofs_2017\src\buttongpio1.cpp(12): error C2664: 'Button::Button(const Button &)': cannot convert argument 1 from 'int8_t' to 'const Button &'
  c:\users\paul\source\repos\spofs_2017\src\buttongpio1.cpp(12): note: Reason: cannot convert from 'int8_t' to 'const Button'
  c:\users\paul\source\repos\spofs_2017\src\buttongpio1.cpp(12): note: No constructor could take the source type, or constructor overload resolution was ambiguous
  ButtonGPIO0.cpp
c:\users\paul\source\repos\spofs_2017\inc\core_cm3.h(1291): error C2144: syntax error: 'void' should be preceded by ';'
c:\users\paul\source\repos\spofs_2017\inc\core_cm3.h(1291): error C4430: missing type specifier - int assumed. Note: C++ does not support default-int
c:\users\paul\source\repos\spofs_2017\inc\core_cm3.h(1311): error C4430: missing type specifier - int assumed. Note: C++ does not support default-int
c:\users\paul\source\repos\spofs_2017\inc\core_cm3.h(1311): error C2086: 'int __STATIC_INLINE': redefinition
  c:\users\paul\source\repos\spofs_2017\inc\core_cm3.h(1291): note: see declaration of '__STATIC_INLINE'
c:\users\paul\source\repos\spofs_2017\inc\core_cm3.h(1311): error C2146: syntax error: missing ';' before identifier 'uint32_t'
c:\users\paul\source\repos\spofs_2017\inc\core_cm3.h(1312): error C2143: syntax error: missing ';' before '{'
c:\users\paul\source\repos\spofs_2017\inc\core_cm3.h(1312): error C2447: '{': missing function header (old-style formal list?)
c:\users\paul\source\repos\spofs_2017\inc\core_cm3.h(1323): error C2144: syntax error: 'void' should be preceded by ';'
c:\users\paul\source\repos\spofs_2017\inc\core_cm3.h(1323): error C4430: missing type specifier - int assumed. Note: C++ does not support default-int
c:\users\paul\source\repos\spofs_2017\inc\core_cm3.h(1323): error C2086: 'int __STATIC_INLINE': redefinition
  c:\users\paul\source\repos\spofs_2017\inc\core_cm3.h(1291): note: see declaration of '__STATIC_INLINE'
c:\users\paul\source\repos\spofs_2017\inc\core_cm3.h(1335): error C2144: syntax error: 'void' should be preceded by ';'
c:\users\paul\source\repos\spofs_2017\inc\core_cm3.h(1335): error C4430: missing type specifier - int assumed. Note: C++ does not support default-int
c:\users\paul\source\repos\spofs_2017\inc\core_cm3.h(1335): error C2086: 'int __STATIC_INLINE': redefinition
  c:\users\paul\source\repos\spofs_2017\inc\core_cm3.h(1291): note: see declaration of '__STATIC_INLINE'
c:\users\paul\source\repos\spofs_2017\inc\core_cm3.h(1351): error C4430: missing type specifier - int assumed. Note: C++ does not support default-int
c:\users\paul\source\repos\spofs_2017\inc\core_cm3.h(1351): error C2086: 'int __STATIC_INLINE': redefinition
  c:\users\paul\source\repos\spofs_2017\inc\core_cm3.h(1291): note: see declaration of '__STATIC_INLINE'
c:\users\paul\source\repos\spofs_2017\inc\core_cm3.h(1351): error C2146: syntax error: missing ';' before identifier 'uint32_t'
c:\users\paul\source\repos\spofs_2017\inc\core_cm3.h(1352): error C2143: syntax error: missing ';' before '{'
c:\users\paul\source\repos\spofs_2017\inc\core_cm3.h(1352): error C2447: '{': missing function header (old-style formal list?)
c:\users\paul\source\repos\spofs_2017\inc\core_cm3.h(1363): error C2144: syntax error: 'void' should be preceded by ';'
c:\users\paul\source\repos\spofs_2017\inc\core_cm3.h(1363): error C4430: missing type specifier - int assumed. Note: C++ does not support default-int
c:\users\paul\source\repos\spofs_2017\inc\core_cm3.h(1363): error C2086: 'int __STATIC_INLINE': redefinition
  c:\users\paul\source\repos\spofs_2017\inc\core_cm3.h(1291): note: see declaration of '__STATIC_INLINE'
c:\users\paul\source\repos\spofs_2017\inc\core_cm3.h(1375): error C2144: syntax error: 'void' should be preceded by ';'
c:\users\paul\source\repos\spofs_2017\inc\core_cm3.h(1375): error C4430: missing type specifier - int assumed. Note: C++ does not support default-int
c:\users\paul\source\repos\spofs_2017\inc\core_cm3.h(1375): error C2086: 'int __STATIC_INLINE': redefinition
  c:\users\paul\source\repos\spofs_2017\inc\core_cm3.h(1291): note: see declaration of '__STATIC_INLINE'
c:\users\paul\source\repos\spofs_2017\inc\core_cm3.h(1390): error C4430: missing type specifier - int assumed. Note: C++ does not support default-int
c:\users\paul\source\repos\spofs_2017\inc\core_cm3.h(1390): error C2086: 'int __STATIC_INLINE': redefinition
  c:\users\paul\source\repos\spofs_2017\inc\core_cm3.h(1291): note: see declaration of '__STATIC_INLINE'
c:\users\paul\source\repos\spofs_2017\inc\core_cm3.h(1390): error C2146: syntax error: missing ';' before identifier 'uint32_t'
c:\users\paul\source\repos\spofs_2017\inc\core_cm3.h(1391): error C2143: syntax error: missing ';' before '{'
c:\users\paul\source\repos\spofs_2017\inc\core_cm3.h(1391): error C2447: '{': missing function header (old-style formal list?)
c:\users\paul\source\repos\spofs_2017\inc\core_cm3.h(1405): error C2144: syntax error: 'void' should be preceded by ';'
c:\users\paul\source\repos\spofs_2017\inc\core_cm3.h(1405): error C4430: missing type specifier - int assumed. Note: C++ does not support default-int
c:\users\paul\source\repos\spofs_2017\inc\core_cm3.h(1405): error C2086: 'int __STATIC_INLINE': redefinition
  c:\users\paul\source\repos\spofs_2017\inc\core_cm3.h(1291): note: see declaration of '__STATIC_INLINE'
c:\users\paul\source\repos\spofs_2017\inc\core_cm3.h(1425): error C4430: missing type specifier - int assumed. Note: C++ does not support default-int
c:\users\paul\source\repos\spofs_2017\inc\core_cm3.h(1425): error C2086: 'int __STATIC_INLINE': redefinition
  c:\users\paul\source\repos\spofs_2017\inc\core_cm3.h(1291): note: see declaration of '__STATIC_INLINE'
c:\users\paul\source\repos\spofs_2017\inc\core_cm3.h(1425): error C2146: syntax error: missing ';' before identifier 'uint32_t'
c:\users\paul\source\repos\spofs_2017\inc\core_cm3.h(1426): error C2143: syntax error: missing ';' before '{'
c:\users\paul\source\repos\spofs_2017\inc\core_cm3.h(1426): error C2447: '{': missing function header (old-style formal list?)
c:\users\paul\source\repos\spofs_2017\inc\core_cm3.h(1447): error C4430: missing type specifier - int assumed. Note: C++ does not support default-int
c:\users\paul\source\repos\spofs_2017\inc\core_cm3.h(1447): error C2086: 'int __STATIC_INLINE': redefinition
  c:\users\paul\source\repos\spofs_2017\inc\core_cm3.h(1291): note: see declaration of '__STATIC_INLINE'
c:\users\paul\source\repos\spofs_2017\inc\core_cm3.h(1447): error C2146: syntax error: missing ';' before identifier 'uint32_t'
c:\users\paul\source\repos\spofs_2017\inc\core_cm3.h(1448): error C2143: syntax error: missing ';' before '{'
c:\users\paul\source\repos\spofs_2017\inc\core_cm3.h(1448): error C2447: '{': missing function header (old-style formal list?)
c:\users\paul\source\repos\spofs_2017\inc\core_cm3.h(1475): error C2144: syntax error: 'void' should be preceded by ';'
c:\users\paul\source\repos\spofs_2017\inc\core_cm3.h(1475): error C4430: missing type specifier - int assumed. Note: C++ does not support default-int
c:\users\paul\source\repos\spofs_2017\inc\core_cm3.h(1475): error C2086: 'int __STATIC_INLINE': redefinition
  c:\users\paul\source\repos\spofs_2017\inc\core_cm3.h(1291): note: see declaration of '__STATIC_INLINE'
c:\users\paul\source\repos\spofs_2017\inc\core_cm3.h(1493): error C2144: syntax error: 'void' should be preceded by ';'
c:\users\paul\source\repos\spofs_2017\inc\core_cm3.h(1493): error C4430: missing type specifier - int assumed. Note: C++ does not support default-int
c:\users\paul\source\repos\spofs_2017\inc\core_cm3.h(1493): error C2086: 'int __STATIC_INLINE': redefinition
  c:\users\paul\source\repos\spofs_2017\inc\core_cm3.h(1291): note: see declaration of '__STATIC_INLINE'
c:\users\paul\source\repos\spofs_2017\inc\core_cm3.h(1495): error C3861: '__DSB': identifier not found
c:\users\paul\source\repos\spofs_2017\inc\core_cm3.h(1500): error C3861: '__DSB': identifier not found
c:\users\paul\source\repos\spofs_2017\inc\core_cm3.h(1532): error C4430: missing type specifier - int assumed. Note: C++ does not support default-int
c:\users\paul\source\repos\spofs_2017\inc\core_cm3.h(1532): error C2086: 'int __STATIC_INLINE': redefinition
  c:\users\paul\source\repos\spofs_2017\inc\core_cm3.h(1291): note: see declaration of '__STATIC_INLINE'
c:\users\paul\source\repos\spofs_2017\inc\core_cm3.h(1532): error C2146: syntax error: missing ';' before identifier 'uint32_t'
c:\users\paul\source\repos\spofs_2017\inc\core_cm3.h(1533): error C2143: syntax error: missing ';' before '{'
c:\users\paul\source\repos\spofs_2017\inc\core_cm3.h(1533): error C2447: '{': missing function header (old-style formal list?)
c:\users\paul\source\repos\spofs_2017\inc\core_cm3.h(1572): error C4430: missing type specifier - int assumed. Note: C++ does not support default-int
c:\users\paul\source\repos\spofs_2017\inc\core_cm3.h(1572): error C2086: 'int __STATIC_INLINE': redefinition
  c:\users\paul\source\repos\spofs_2017\inc\core_cm3.h(1291): note: see declaration of '__STATIC_INLINE'
c:\users\paul\source\repos\spofs_2017\inc\core_cm3.h(1572): error C2146: syntax error: missing ';' before identifier 'uint32_t'
c:\users\paul\source\repos\spofs_2017\inc\core_cm3.h(1573): error C2143: syntax error: missing ';' before '{'
c:\users\paul\source\repos\spofs_2017\inc\core_cm3.h(1573): error C2447: '{': missing function header (old-style formal list?)
c:\users\paul\source\repos\spofs_2017\inc\core_cm3.h(1591): error C4430: missing type specifier - int assumed. Note: C++ does not support default-int
c:\users\paul\source\repos\spofs_2017\inc\core_cm3.h(1591): error C2086: 'int __STATIC_INLINE': redefinition
  c:\users\paul\source\repos\spofs_2017\inc\core_cm3.h(1291): note: see declaration of '__STATIC_INLINE'
c:\users\paul\source\repos\spofs_2017\inc\core_cm3.h(1591): error C2146: syntax error: missing ';' before identifier 'int32_t'
c:\users\paul\source\repos\spofs_2017\inc\core_cm3.h(1591): error C2143: syntax error: missing ';' before '{'
c:\users\paul\source\repos\spofs_2017\inc\core_cm3.h(1591): error C2447: '{': missing function header (old-style formal list?)
c:\users\paul\source\repos\spofs_2017\inc\core_cm3.h(1610): error C4430: missing type specifier - int assumed. Note: C++ does not support default-int
c:\users\paul\source\repos\spofs_2017\inc\core_cm3.h(1610): error C2086: 'int __STATIC_INLINE': redefinition
  c:\users\paul\source\repos\spofs_2017\inc\core_cm3.h(1291): note: see declaration of '__STATIC_INLINE'
c:\users\paul\source\repos\spofs_2017\inc\core_cm3.h(1610): error C2146: syntax error: missing ';' before identifier 'int32_t'
c:\users\paul\source\repos\spofs_2017\inc\core_cm3.h(1610): error C2143: syntax error: missing ';' before '{'
c:\users\paul\source\repos\spofs_2017\inc\core_cm3.h(1610): error C2447: '{': missing function header (old-style formal list?)
c:\users\paul\source\repos\spofs_2017\src\buttongpio0.cpp(12): error C2664: 'Button::Button(const Button &)': cannot convert argument 1 from 'int8_t' to 'const Button &'
  c:\users\paul\source\repos\spofs_2017\src\buttongpio0.cpp(12): note: Reason: cannot convert from 'int8_t' to 'const Button'
  c:\users\paul\source\repos\spofs_2017\src\buttongpio0.cpp(12): note: No constructor could take the source type, or constructor overload resolution was ambiguous
  ButtonCol.cpp
c:\users\paul\source\repos\spofs_2017\inc\core_cm3.h(1291): error C2144: syntax error: 'void' should be preceded by ';'
c:\users\paul\source\repos\spofs_2017\inc\core_cm3.h(1291): error C4430: missing type specifier - int assumed. Note: C++ does not support default-int
c:\users\paul\source\repos\spofs_2017\inc\core_cm3.h(1311): error C4430: missing type specifier - int assumed. Note: C++ does not support default-int
c:\users\paul\source\repos\spofs_2017\inc\core_cm3.h(1311): error C2086: 'int __STATIC_INLINE': redefinition
  c:\users\paul\source\repos\spofs_2017\inc\core_cm3.h(1291): note: see declaration of '__STATIC_INLINE'
c:\users\paul\source\repos\spofs_2017\inc\core_cm3.h(1311): error C2146: syntax error: missing ';' before identifier 'uint32_t'
c:\users\paul\source\repos\spofs_2017\inc\core_cm3.h(1312): error C2143: syntax error: missing ';' before '{'
c:\users\paul\source\repos\spofs_2017\inc\core_cm3.h(1312): error C2447: '{': missing function header (old-style formal list?)
c:\users\paul\source\repos\spofs_2017\inc\core_cm3.h(1323): error C2144: syntax error: 'void' should be preceded by ';'
c:\users\paul\source\repos\spofs_2017\inc\core_cm3.h(1323): error C4430: missing type specifier - int assumed. Note: C++ does not support default-int
c:\users\paul\source\repos\spofs_2017\inc\core_cm3.h(1323): error C2086: 'int __STATIC_INLINE': redefinition
  c:\users\paul\source\repos\spofs_2017\inc\core_cm3.h(1291): note: see declaration of '__STATIC_INLINE'
c:\users\paul\source\repos\spofs_2017\inc\core_cm3.h(1335): error C2144: syntax error: 'void' should be preceded by ';'
c:\users\paul\source\repos\spofs_2017\inc\core_cm3.h(1335): error C4430: missing type specifier - int assumed. Note: C++ does not support default-int
c:\users\paul\source\repos\spofs_2017\inc\core_cm3.h(1335): error C2086: 'int __STATIC_INLINE': redefinition
  c:\users\paul\source\repos\spofs_2017\inc\core_cm3.h(1291): note: see declaration of '__STATIC_INLINE'
c:\users\paul\source\repos\spofs_2017\inc\core_cm3.h(1351): error C4430: missing type specifier - int assumed. Note: C++ does not support default-int
c:\users\paul\source\repos\spofs_2017\inc\core_cm3.h(1351): error C2086: 'int __STATIC_INLINE': redefinition
  c:\users\paul\source\repos\spofs_2017\inc\core_cm3.h(1291): note: see declaration of '__STATIC_INLINE'
c:\users\paul\source\repos\spofs_2017\inc\core_cm3.h(1351): error C2146: syntax error: missing ';' before identifier 'uint32_t'
c:\users\paul\source\repos\spofs_2017\inc\core_cm3.h(1352): error C2143: syntax error: missing ';' before '{'
c:\users\paul\source\repos\spofs_2017\inc\core_cm3.h(1352): error C2447: '{': missing function header (old-style formal list?)
c:\users\paul\source\repos\spofs_2017\inc\core_cm3.h(1363): error C2144: syntax error: 'void' should be preceded by ';'
c:\users\paul\source\repos\spofs_2017\inc\core_cm3.h(1363): error C4430: missing type specifier - int assumed. Note: C++ does not support default-int
c:\users\paul\source\repos\spofs_2017\inc\core_cm3.h(1363): error C2086: 'int __STATIC_INLINE': redefinition
  c:\users\paul\source\repos\spofs_2017\inc\core_cm3.h(1291): note: see declaration of '__STATIC_INLINE'
c:\users\paul\source\repos\spofs_2017\inc\core_cm3.h(1375): error C2144: syntax error: 'void' should be preceded by ';'
c:\users\paul\source\repos\spofs_2017\inc\core_cm3.h(1375): error C4430: missing type specifier - int assumed. Note: C++ does not support default-int
c:\users\paul\source\repos\spofs_2017\inc\core_cm3.h(1375): error C2086: 'int __STATIC_INLINE': redefinition
  c:\users\paul\source\repos\spofs_2017\inc\core_cm3.h(1291): note: see declaration of '__STATIC_INLINE'
c:\users\paul\source\repos\spofs_2017\inc\core_cm3.h(1390): error C4430: missing type specifier - int assumed. Note: C++ does not support default-int
c:\users\paul\source\repos\spofs_2017\inc\core_cm3.h(1390): error C2086: 'int __STATIC_INLINE': redefinition
  c:\users\paul\source\repos\spofs_2017\inc\core_cm3.h(1291): note: see declaration of '__STATIC_INLINE'
c:\users\paul\source\repos\spofs_2017\inc\core_cm3.h(1390): error C2146: syntax error: missing ';' before identifier 'uint32_t'
c:\users\paul\source\repos\spofs_2017\inc\core_cm3.h(1391): error C2143: syntax error: missing ';' before '{'
c:\users\paul\source\repos\spofs_2017\inc\core_cm3.h(1391): error C2447: '{': missing function header (old-style formal list?)
c:\users\paul\source\repos\spofs_2017\inc\core_cm3.h(1405): error C2144: syntax error: 'void' should be preceded by ';'
c:\users\paul\source\repos\spofs_2017\inc\core_cm3.h(1405): error C4430: missing type specifier - int assumed. Note: C++ does not support default-int
c:\users\paul\source\repos\spofs_2017\inc\core_cm3.h(1405): error C2086: 'int __STATIC_INLINE': redefinition
  c:\users\paul\source\repos\spofs_2017\inc\core_cm3.h(1291): note: see declaration of '__STATIC_INLINE'
c:\users\paul\source\repos\spofs_2017\inc\core_cm3.h(1425): error C4430: missing type specifier - int assumed. Note: C++ does not support default-int
c:\users\paul\source\repos\spofs_2017\inc\core_cm3.h(1425): error C2086: 'int __STATIC_INLINE': redefinition
  c:\users\paul\source\repos\spofs_2017\inc\core_cm3.h(1291): note: see declaration of '__STATIC_INLINE'
c:\users\paul\source\repos\spofs_2017\inc\core_cm3.h(1425): error C2146: syntax error: missing ';' before identifier 'uint32_t'
c:\users\paul\source\repos\spofs_2017\inc\core_cm3.h(1426): error C2143: syntax error: missing ';' before '{'
c:\users\paul\source\repos\spofs_2017\inc\core_cm3.h(1426): error C2447: '{': missing function header (old-style formal list?)
c:\users\paul\source\repos\spofs_2017\inc\core_cm3.h(1447): error C4430: missing type specifier - int assumed. Note: C++ does not support default-int
c:\users\paul\source\repos\spofs_2017\inc\core_cm3.h(1447): error C2086: 'int __STATIC_INLINE': redefinition
  c:\users\paul\source\repos\spofs_2017\inc\core_cm3.h(1291): note: see declaration of '__STATIC_INLINE'
c:\users\paul\source\repos\spofs_2017\inc\core_cm3.h(1447): error C2146: syntax error: missing ';' before identifier 'uint32_t'
c:\users\paul\source\repos\spofs_2017\inc\core_cm3.h(1448): error C2143: syntax error: missing ';' before '{'
c:\users\paul\source\repos\spofs_2017\inc\core_cm3.h(1448): error C2447: '{': missing function header (old-style formal list?)
c:\users\paul\source\repos\spofs_2017\inc\core_cm3.h(1475): error C2144: syntax error: 'void' should be preceded by ';'
c:\users\paul\source\repos\spofs_2017\inc\core_cm3.h(1475): error C4430: missing type specifier - int assumed. Note: C++ does not support default-int
c:\users\paul\source\repos\spofs_2017\inc\core_cm3.h(1475): error C2086: 'int __STATIC_INLINE': redefinition
  c:\users\paul\source\repos\spofs_2017\inc\core_cm3.h(1291): note: see declaration of '__STATIC_INLINE'
c:\users\paul\source\repos\spofs_2017\inc\core_cm3.h(1493): error C2144: syntax error: 'void' should be preceded by ';'
c:\users\paul\source\repos\spofs_2017\inc\core_cm3.h(1493): error C4430: missing type specifier - int assumed. Note: C++ does not support default-int
c:\users\paul\source\repos\spofs_2017\inc\core_cm3.h(1493): error C2086: 'int __STATIC_INLINE': redefinition
  c:\users\paul\source\repos\spofs_2017\inc\core_cm3.h(1291): note: see declaration of '__STATIC_INLINE'
c:\users\paul\source\repos\spofs_2017\inc\core_cm3.h(1495): error C3861: '__DSB': identifier not found
c:\users\paul\source\repos\spofs_2017\inc\core_cm3.h(1500): error C3861: '__DSB': identifier not found
c:\users\paul\source\repos\spofs_2017\inc\core_cm3.h(1532): error C4430: missing type specifier - int assumed. Note: C++ does not support default-int
c:\users\paul\source\repos\spofs_2017\inc\core_cm3.h(1532): error C2086: 'int __STATIC_INLINE': redefinition
  c:\users\paul\source\repos\spofs_2017\inc\core_cm3.h(1291): note: see declaration of '__STATIC_INLINE'
c:\users\paul\source\repos\spofs_2017\inc\core_cm3.h(1532): error C2146: syntax error: missing ';' before identifier 'uint32_t'
c:\users\paul\source\repos\spofs_2017\inc\core_cm3.h(1533): error C2143: syntax error: missing ';' before '{'
c:\users\paul\source\repos\spofs_2017\inc\core_cm3.h(1533): error C2447: '{': missing function header (old-style formal list?)
c:\users\paul\source\repos\spofs_2017\inc\core_cm3.h(1572): error C4430: missing type specifier - int assumed. Note: C++ does not support default-int
c:\users\paul\source\repos\spofs_2017\inc\core_cm3.h(1572): error C2086: 'int __STATIC_INLINE': redefinition
  c:\users\paul\source\repos\spofs_2017\inc\core_cm3.h(1291): note: see declaration of '__STATIC_INLINE'
c:\users\paul\source\repos\spofs_2017\inc\core_cm3.h(1572): error C2146: syntax error: missing ';' before identifier 'uint32_t'
c:\users\paul\source\repos\spofs_2017\inc\core_cm3.h(1573): error C2143: syntax error: missing ';' before '{'
c:\users\paul\source\repos\spofs_2017\inc\core_cm3.h(1573): error C2447: '{': missing function header (old-style formal list?)
c:\users\paul\source\repos\spofs_2017\inc\core_cm3.h(1591): error C4430: missing type specifier - int assumed. Note: C++ does not support default-int
c:\users\paul\source\repos\spofs_2017\inc\core_cm3.h(1591): error C2086: 'int __STATIC_INLINE': redefinition
  c:\users\paul\source\repos\spofs_2017\inc\core_cm3.h(1291): note: see declaration of '__STATIC_INLINE'
c:\users\paul\source\repos\spofs_2017\inc\core_cm3.h(1591): error C2146: syntax error: missing ';' before identifier 'int32_t'
c:\users\paul\source\repos\spofs_2017\inc\core_cm3.h(1591): error C2143: syntax error: missing ';' before '{'
c:\users\paul\source\repos\spofs_2017\inc\core_cm3.h(1591): error C2447: '{': missing function header (old-style formal list?)
c:\users\paul\source\repos\spofs_2017\inc\core_cm3.h(1610): error C4430: missing type specifier - int assumed. Note: C++ does not support default-int
c:\users\paul\source\repos\spofs_2017\inc\core_cm3.h(1610): error C2086: 'int __STATIC_INLINE': redefinition
  c:\users\paul\source\repos\spofs_2017\inc\core_cm3.h(1291): note: see declaration of '__STATIC_INLINE'
c:\users\paul\source\repos\spofs_2017\inc\core_cm3.h(1610): error C2146: syntax error: missing ';' before identifier 'int32_t'
c:\users\paul\source\repos\spofs_2017\inc\core_cm3.h(1610): error C2143: syntax error: missing ';' before '{'
c:\users\paul\source\repos\spofs_2017\inc\core_cm3.h(1610): error C2447: '{': missing function header (old-style formal list?)
c:\users\paul\source\repos\spofs_2017\src\buttoncol.cpp(17): warning C4018: '<': signed/unsigned mismatch
c:\users\paul\source\repos\spofs_2017\src\buttoncol.cpp(32): warning C4018: '<': signed/unsigned mismatch
c:\users\paul\source\repos\spofs_2017\src\buttoncol.cpp(44): warning C4018: '<': signed/unsigned mismatch
  Button.cpp
c:\users\paul\source\repos\spofs_2017\inc\core_cm3.h(1291): error C2144: syntax error: 'void' should be preceded by ';'
c:\users\paul\source\repos\spofs_2017\inc\core_cm3.h(1291): error C4430: missing type specifier - int assumed. Note: C++ does not support default-int
c:\users\paul\source\repos\spofs_2017\inc\core_cm3.h(1311): error C4430: missing type specifier - int assumed. Note: C++ does not support default-int
c:\users\paul\source\repos\spofs_2017\inc\core_cm3.h(1311): error C2086: 'int __STATIC_INLINE': redefinition
  c:\users\paul\source\repos\spofs_2017\inc\core_cm3.h(1291): note: see declaration of '__STATIC_INLINE'
c:\users\paul\source\repos\spofs_2017\inc\core_cm3.h(1311): error C2146: syntax error: missing ';' before identifier 'uint32_t'
c:\users\paul\source\repos\spofs_2017\inc\core_cm3.h(1312): error C2143: syntax error: missing ';' before '{'
c:\users\paul\source\repos\spofs_2017\inc\core_cm3.h(1312): error C2447: '{': missing function header (old-style formal list?)
c:\users\paul\source\repos\spofs_2017\inc\core_cm3.h(1323): error C2144: syntax error: 'void' should be preceded by ';'
c:\users\paul\source\repos\spofs_2017\inc\core_cm3.h(1323): error C4430: missing type specifier - int assumed. Note: C++ does not support default-int
c:\users\paul\source\repos\spofs_2017\inc\core_cm3.h(1323): error C2086: 'int __STATIC_INLINE': redefinition
  c:\users\paul\source\repos\spofs_2017\inc\core_cm3.h(1291): note: see declaration of '__STATIC_INLINE'
c:\users\paul\source\repos\spofs_2017\inc\core_cm3.h(1335): error C2144: syntax error: 'void' should be preceded by ';'
c:\users\paul\source\repos\spofs_2017\inc\core_cm3.h(1335): error C4430: missing type specifier - int assumed. Note: C++ does not support default-int
c:\users\paul\source\repos\spofs_2017\inc\core_cm3.h(1335): error C2086: 'int __STATIC_INLINE': redefinition
  c:\users\paul\source\repos\spofs_2017\inc\core_cm3.h(1291): note: see declaration of '__STATIC_INLINE'
c:\users\paul\source\repos\spofs_2017\inc\core_cm3.h(1351): error C4430: missing type specifier - int assumed. Note: C++ does not support default-int
c:\users\paul\source\repos\spofs_2017\inc\core_cm3.h(1351): error C2086: 'int __STATIC_INLINE': redefinition
  c:\users\paul\source\repos\spofs_2017\inc\core_cm3.h(1291): note: see declaration of '__STATIC_INLINE'
c:\users\paul\source\repos\spofs_2017\inc\core_cm3.h(1351): error C2146: syntax error: missing ';' before identifier 'uint32_t'
c:\users\paul\source\repos\spofs_2017\inc\core_cm3.h(1352): error C2143: syntax error: missing ';' before '{'
c:\users\paul\source\repos\spofs_2017\inc\core_cm3.h(1352): error C2447: '{': missing function header (old-style formal list?)
c:\users\paul\source\repos\spofs_2017\inc\core_cm3.h(1363): error C2144: syntax error: 'void' should be preceded by ';'
c:\users\paul\source\repos\spofs_2017\inc\core_cm3.h(1363): error C4430: missing type specifier - int assumed. Note: C++ does not support default-int
c:\users\paul\source\repos\spofs_2017\inc\core_cm3.h(1363): error C2086: 'int __STATIC_INLINE': redefinition
  c:\users\paul\source\repos\spofs_2017\inc\core_cm3.h(1291): note: see declaration of '__STATIC_INLINE'
c:\users\paul\source\repos\spofs_2017\inc\core_cm3.h(1375): error C2144: syntax error: 'void' should be preceded by ';'
c:\users\paul\source\repos\spofs_2017\inc\core_cm3.h(1375): error C4430: missing type specifier - int assumed. Note: C++ does not support default-int
c:\users\paul\source\repos\spofs_2017\inc\core_cm3.h(1375): error C2086: 'int __STATIC_INLINE': redefinition
  c:\users\paul\source\repos\spofs_2017\inc\core_cm3.h(1291): note: see declaration of '__STATIC_INLINE'
c:\users\paul\source\repos\spofs_2017\inc\core_cm3.h(1390): error C4430: missing type specifier - int assumed. Note: C++ does not support default-int
c:\users\paul\source\repos\spofs_2017\inc\core_cm3.h(1390): error C2086: 'int __STATIC_INLINE': redefinition
  c:\users\paul\source\repos\spofs_2017\inc\core_cm3.h(1291): note: see declaration of '__STATIC_INLINE'
c:\users\paul\source\repos\spofs_2017\inc\core_cm3.h(1390): error C2146: syntax error: missing ';' before identifier 'uint32_t'
c:\users\paul\source\repos\spofs_2017\inc\core_cm3.h(1391): error C2143: syntax error: missing ';' before '{'
c:\users\paul\source\repos\spofs_2017\inc\core_cm3.h(1391): error C2447: '{': missing function header (old-style formal list?)
c:\users\paul\source\repos\spofs_2017\inc\core_cm3.h(1405): error C2144: syntax error: 'void' should be preceded by ';'
c:\users\paul\source\repos\spofs_2017\inc\core_cm3.h(1405): error C4430: missing type specifier - int assumed. Note: C++ does not support default-int
c:\users\paul\source\repos\spofs_2017\inc\core_cm3.h(1405): error C2086: 'int __STATIC_INLINE': redefinition
  c:\users\paul\source\repos\spofs_2017\inc\core_cm3.h(1291): note: see declaration of '__STATIC_INLINE'
c:\users\paul\source\repos\spofs_2017\inc\core_cm3.h(1425): error C4430: missing type specifier - int assumed. Note: C++ does not support default-int
c:\users\paul\source\repos\spofs_2017\inc\core_cm3.h(1425): error C2086: 'int __STATIC_INLINE': redefinition
  c:\users\paul\source\repos\spofs_2017\inc\core_cm3.h(1291): note: see declaration of '__STATIC_INLINE'
c:\users\paul\source\repos\spofs_2017\inc\core_cm3.h(1425): error C2146: syntax error: missing ';' before identifier 'uint32_t'
c:\users\paul\source\repos\spofs_2017\inc\core_cm3.h(1426): error C2143: syntax error: missing ';' before '{'
c:\users\paul\source\repos\spofs_2017\inc\core_cm3.h(1426): error C2447: '{': missing function header (old-style formal list?)
c:\users\paul\source\repos\spofs_2017\inc\core_cm3.h(1447): error C4430: missing type specifier - int assumed. Note: C++ does not support default-int
c:\users\paul\source\repos\spofs_2017\inc\core_cm3.h(1447): error C2086: 'int __STATIC_INLINE': redefinition
  c:\users\paul\source\repos\spofs_2017\inc\core_cm3.h(1291): note: see declaration of '__STATIC_INLINE'
c:\users\paul\source\repos\spofs_2017\inc\core_cm3.h(1447): error C2146: syntax error: missing ';' before identifier 'uint32_t'
c:\users\paul\source\repos\spofs_2017\inc\core_cm3.h(1448): error C2143: syntax error: missing ';' before '{'
c:\users\paul\source\repos\spofs_2017\inc\core_cm3.h(1448): error C2447: '{': missing function header (old-style formal list?)
c:\users\paul\source\repos\spofs_2017\inc\core_cm3.h(1475): error C2144: syntax error: 'void' should be preceded by ';'
c:\users\paul\source\repos\spofs_2017\inc\core_cm3.h(1475): error C4430: missing type specifier - int assumed. Note: C++ does not support default-int
c:\users\paul\source\repos\spofs_2017\inc\core_cm3.h(1475): error C2086: 'int __STATIC_INLINE': redefinition
  c:\users\paul\source\repos\spofs_2017\inc\core_cm3.h(1291): note: see declaration of '__STATIC_INLINE'
c:\users\paul\source\repos\spofs_2017\inc\core_cm3.h(1493): error C2144: syntax error: 'void' should be preceded by ';'
c:\users\paul\source\repos\spofs_2017\inc\core_cm3.h(1493): error C4430: missing type specifier - int assumed. Note: C++ does not support default-int
c:\users\paul\source\repos\spofs_2017\inc\core_cm3.h(1493): error C2086: 'int __STATIC_INLINE': redefinition
  c:\users\paul\source\repos\spofs_2017\inc\core_cm3.h(1291): note: see declaration of '__STATIC_INLINE'
c:\users\paul\source\repos\spofs_2017\inc\core_cm3.h(1495): error C3861: '__DSB': identifier not found
c:\users\paul\source\repos\spofs_2017\inc\core_cm3.h(1500): error C3861: '__DSB': identifier not found
c:\users\paul\source\repos\spofs_2017\inc\core_cm3.h(1532): error C4430: missing type specifier - int assumed. Note: C++ does not support default-int
c:\users\paul\source\repos\spofs_2017\inc\core_cm3.h(1532): error C2086: 'int __STATIC_INLINE': redefinition
  c:\users\paul\source\repos\spofs_2017\inc\core_cm3.h(1291): note: see declaration of '__STATIC_INLINE'
c:\users\paul\source\repos\spofs_2017\inc\core_cm3.h(1532): error C2146: syntax error: missing ';' before identifier 'uint32_t'
c:\users\paul\source\repos\spofs_2017\inc\core_cm3.h(1533): error C2143: syntax error: missing ';' before '{'
c:\users\paul\source\repos\spofs_2017\inc\core_cm3.h(1533): error C2447: '{': missing function header (old-style formal list?)
c:\users\paul\source\repos\spofs_2017\inc\core_cm3.h(1572): error C4430: missing type specifier - int assumed. Note: C++ does not support default-int
c:\users\paul\source\repos\spofs_2017\inc\core_cm3.h(1572): error C2086: 'int __STATIC_INLINE': redefinition
  c:\users\paul\source\repos\spofs_2017\inc\core_cm3.h(1291): note: see declaration of '__STATIC_INLINE'
c:\users\paul\source\repos\spofs_2017\inc\core_cm3.h(1572): error C2146: syntax error: missing ';' before identifier 'uint32_t'
c:\users\paul\source\repos\spofs_2017\inc\core_cm3.h(1573): error C2143: syntax error: missing ';' before '{'
c:\users\paul\source\repos\spofs_2017\inc\core_cm3.h(1573): error C2447: '{': missing function header (old-style formal list?)
c:\users\paul\source\repos\spofs_2017\inc\core_cm3.h(1591): error C4430: missing type specifier - int assumed. Note: C++ does not support default-int
c:\users\paul\source\repos\spofs_2017\inc\core_cm3.h(1591): error C2086: 'int __STATIC_INLINE': redefinition
  c:\users\paul\source\repos\spofs_2017\inc\core_cm3.h(1291): note: see declaration of '__STATIC_INLINE'
c:\users\paul\source\repos\spofs_2017\inc\core_cm3.h(1591): error C2146: syntax error: missing ';' before identifier 'int32_t'
c:\users\paul\source\repos\spofs_2017\inc\core_cm3.h(1591): error C2143: syntax error: missing ';' before '{'
c:\users\paul\source\repos\spofs_2017\inc\core_cm3.h(1591): error C2447: '{': missing function header (old-style formal list?)
c:\users\paul\source\repos\spofs_2017\inc\core_cm3.h(1610): error C4430: missing type specifier - int assumed. Note: C++ does not support default-int
c:\users\paul\source\repos\spofs_2017\inc\core_cm3.h(1610): error C2086: 'int __STATIC_INLINE': redefinition
  c:\users\paul\source\repos\spofs_2017\inc\core_cm3.h(1291): note: see declaration of '__STATIC_INLINE'
c:\users\paul\source\repos\spofs_2017\inc\core_cm3.h(1610): error C2146: syntax error: missing ';' before identifier 'int32_t'
c:\users\paul\source\repos\spofs_2017\inc\core_cm3.h(1610): error C2143: syntax error: missing ';' before '{'
c:\users\paul\source\repos\spofs_2017\inc\core_cm3.h(1610): error C2447: '{': missing function header (old-style formal list?)
  BMU.cpp
d:\programs\visual studio 2015\vc\include\stdint.h(23): error C2371: 'uint32_t': redefinition; different basic types
  c:\users\paul\source\repos\spofs_2017\inc\commondefs.h(3): note: see declaration of 'uint32_t'
c:\users\paul\source\repos\spofs_2017\inc\core_cm3.h(1291): error C2144: syntax error: 'void' should be preceded by ';'
c:\users\paul\source\repos\spofs_2017\inc\core_cm3.h(1291): error C4430: missing type specifier - int assumed. Note: C++ does not support default-int
c:\users\paul\source\repos\spofs_2017\inc\core_cm3.h(1311): error C4430: missing type specifier - int assumed. Note: C++ does not support default-int
c:\users\paul\source\repos\spofs_2017\inc\core_cm3.h(1311): error C2086: 'int __STATIC_INLINE': redefinition
  c:\users\paul\source\repos\spofs_2017\inc\core_cm3.h(1291): note: see declaration of '__STATIC_INLINE'
c:\users\paul\source\repos\spofs_2017\inc\core_cm3.h(1311): error C2146: syntax error: missing ';' before identifier 'uint32_t'
c:\users\paul\source\repos\spofs_2017\inc\core_cm3.h(1312): error C2143: syntax error: missing ';' before '{'
c:\users\paul\source\repos\spofs_2017\inc\core_cm3.h(1312): error C2447: '{': missing function header (old-style formal list?)
c:\users\paul\source\repos\spofs_2017\inc\core_cm3.h(1323): error C2144: syntax error: 'void' should be preceded by ';'
c:\users\paul\source\repos\spofs_2017\inc\core_cm3.h(1323): error C4430: missing type specifier - int assumed. Note: C++ does not support default-int
c:\users\paul\source\repos\spofs_2017\inc\core_cm3.h(1323): error C2086: 'int __STATIC_INLINE': redefinition
  c:\users\paul\source\repos\spofs_2017\inc\core_cm3.h(1291): note: see declaration of '__STATIC_INLINE'
c:\users\paul\source\repos\spofs_2017\inc\core_cm3.h(1335): error C2144: syntax error: 'void' should be preceded by ';'
c:\users\paul\source\repos\spofs_2017\inc\core_cm3.h(1335): error C4430: missing type specifier - int assumed. Note: C++ does not support default-int
c:\users\paul\source\repos\spofs_2017\inc\core_cm3.h(1335): error C2086: 'int __STATIC_INLINE': redefinition
  c:\users\paul\source\repos\spofs_2017\inc\core_cm3.h(1291): note: see declaration of '__STATIC_INLINE'
c:\users\paul\source\repos\spofs_2017\inc\core_cm3.h(1351): error C4430: missing type specifier - int assumed. Note: C++ does not support default-int
c:\users\paul\source\repos\spofs_2017\inc\core_cm3.h(1351): error C2086: 'int __STATIC_INLINE': redefinition
  c:\users\paul\source\repos\spofs_2017\inc\core_cm3.h(1291): note: see declaration of '__STATIC_INLINE'
c:\users\paul\source\repos\spofs_2017\inc\core_cm3.h(1351): error C2146: syntax error: missing ';' before identifier 'uint32_t'
c:\users\paul\source\repos\spofs_2017\inc\core_cm3.h(1352): error C2143: syntax error: missing ';' before '{'
c:\users\paul\source\repos\spofs_2017\inc\core_cm3.h(1352): error C2447: '{': missing function header (old-style formal list?)
c:\users\paul\source\repos\spofs_2017\inc\core_cm3.h(1363): error C2144: syntax error: 'void' should be preceded by ';'
c:\users\paul\source\repos\spofs_2017\inc\core_cm3.h(1363): error C4430: missing type specifier - int assumed. Note: C++ does not support default-int
c:\users\paul\source\repos\spofs_2017\inc\core_cm3.h(1363): error C2086: 'int __STATIC_INLINE': redefinition
  c:\users\paul\source\repos\spofs_2017\inc\core_cm3.h(1291): note: see declaration of '__STATIC_INLINE'
c:\users\paul\source\repos\spofs_2017\inc\core_cm3.h(1375): error C2144: syntax error: 'void' should be preceded by ';'
c:\users\paul\source\repos\spofs_2017\inc\core_cm3.h(1375): error C4430: missing type specifier - int assumed. Note: C++ does not support default-int
c:\users\paul\source\repos\spofs_2017\inc\core_cm3.h(1375): error C2086: 'int __STATIC_INLINE': redefinition
  c:\users\paul\source\repos\spofs_2017\inc\core_cm3.h(1291): note: see declaration of '__STATIC_INLINE'
c:\users\paul\source\repos\spofs_2017\inc\core_cm3.h(1390): error C4430: missing type specifier - int assumed. Note: C++ does not support default-int
c:\users\paul\source\repos\spofs_2017\inc\core_cm3.h(1390): error C2086: 'int __STATIC_INLINE': redefinition
  c:\users\paul\source\repos\spofs_2017\inc\core_cm3.h(1291): note: see declaration of '__STATIC_INLINE'
c:\users\paul\source\repos\spofs_2017\inc\core_cm3.h(1390): error C2146: syntax error: missing ';' before identifier 'uint32_t'
c:\users\paul\source\repos\spofs_2017\inc\core_cm3.h(1391): error C2143: syntax error: missing ';' before '{'
c:\users\paul\source\repos\spofs_2017\inc\core_cm3.h(1391): error C2447: '{': missing function header (old-style formal list?)
c:\users\paul\source\repos\spofs_2017\inc\core_cm3.h(1405): error C2144: syntax error: 'void' should be preceded by ';'
c:\users\paul\source\repos\spofs_2017\inc\core_cm3.h(1405): error C4430: missing type specifier - int assumed. Note: C++ does not support default-int
c:\users\paul\source\repos\spofs_2017\inc\core_cm3.h(1405): error C2086: 'int __STATIC_INLINE': redefinition
  c:\users\paul\source\repos\spofs_2017\inc\core_cm3.h(1291): note: see declaration of '__STATIC_INLINE'
c:\users\paul\source\repos\spofs_2017\inc\core_cm3.h(1425): error C4430: missing type specifier - int assumed. Note: C++ does not support default-int
c:\users\paul\source\repos\spofs_2017\inc\core_cm3.h(1425): error C2086: 'int __STATIC_INLINE': redefinition
  c:\users\paul\source\repos\spofs_2017\inc\core_cm3.h(1291): note: see declaration of '__STATIC_INLINE'
c:\users\paul\source\repos\spofs_2017\inc\core_cm3.h(1425): error C2146: syntax error: missing ';' before identifier 'uint32_t'
c:\users\paul\source\repos\spofs_2017\inc\core_cm3.h(1426): error C2143: syntax error: missing ';' before '{'
c:\users\paul\source\repos\spofs_2017\inc\core_cm3.h(1426): error C2447: '{': missing function header (old-style formal list?)
c:\users\paul\source\repos\spofs_2017\inc\core_cm3.h(1447): error C4430: missing type specifier - int assumed. Note: C++ does not support default-int
c:\users\paul\source\repos\spofs_2017\inc\core_cm3.h(1447): error C2086: 'int __STATIC_INLINE': redefinition
  c:\users\paul\source\repos\spofs_2017\inc\core_cm3.h(1291): note: see declaration of '__STATIC_INLINE'
c:\users\paul\source\repos\spofs_2017\inc\core_cm3.h(1447): error C2146: syntax error: missing ';' before identifier 'uint32_t'
c:\users\paul\source\repos\spofs_2017\inc\core_cm3.h(1448): error C2143: syntax error: missing ';' before '{'
c:\users\paul\source\repos\spofs_2017\inc\core_cm3.h(1448): error C2447: '{': missing function header (old-style formal list?)
c:\users\paul\source\repos\spofs_2017\inc\core_cm3.h(1475): error C2144: syntax error: 'void' should be preceded by ';'
c:\users\paul\source\repos\spofs_2017\inc\core_cm3.h(1475): error C4430: missing type specifier - int assumed. Note: C++ does not support default-int
c:\users\paul\source\repos\spofs_2017\inc\core_cm3.h(1475): error C2086: 'int __STATIC_INLINE': redefinition
  c:\users\paul\source\repos\spofs_2017\inc\core_cm3.h(1291): note: see declaration of '__STATIC_INLINE'
c:\users\paul\source\repos\spofs_2017\inc\core_cm3.h(1493): error C2144: syntax error: 'void' should be preceded by ';'
c:\users\paul\source\repos\spofs_2017\inc\core_cm3.h(1493): error C4430: missing type specifier - int assumed. Note: C++ does not support default-int
c:\users\paul\source\repos\spofs_2017\inc\core_cm3.h(1493): error C2086: 'int __STATIC_INLINE': redefinition
  c:\users\paul\source\repos\spofs_2017\inc\core_cm3.h(1291): note: see declaration of '__STATIC_INLINE'
c:\users\paul\source\repos\spofs_2017\inc\core_cm3.h(1495): error C3861: '__DSB': identifier not found
c:\users\paul\source\repos\spofs_2017\inc\core_cm3.h(1500): error C3861: '__DSB': identifier not found
c:\users\paul\source\repos\spofs_2017\inc\core_cm3.h(1532): error C4430: missing type specifier - int assumed. Note: C++ does not support default-int
c:\users\paul\source\repos\spofs_2017\inc\core_cm3.h(1532): error C2086: 'int __STATIC_INLINE': redefinition
  c:\users\paul\source\repos\spofs_2017\inc\core_cm3.h(1291): note: see declaration of '__STATIC_INLINE'
c:\users\paul\source\repos\spofs_2017\inc\core_cm3.h(1532): error C2146: syntax error: missing ';' before identifier 'uint32_t'
c:\users\paul\source\repos\spofs_2017\inc\core_cm3.h(1533): error C2143: syntax error: missing ';' before '{'
c:\users\paul\source\repos\spofs_2017\inc\core_cm3.h(1533): error C2447: '{': missing function header (old-style formal list?)
c:\users\paul\source\repos\spofs_2017\inc\core_cm3.h(1572): error C4430: missing type specifier - int assumed. Note: C++ does not support default-int
c:\users\paul\source\repos\spofs_2017\inc\core_cm3.h(1572): error C2086: 'int __STATIC_INLINE': redefinition
  c:\users\paul\source\repos\spofs_2017\inc\core_cm3.h(1291): note: see declaration of '__STATIC_INLINE'
c:\users\paul\source\repos\spofs_2017\inc\core_cm3.h(1572): error C2146: syntax error: missing ';' before identifier 'uint32_t'
c:\users\paul\source\repos\spofs_2017\inc\core_cm3.h(1573): error C2143: syntax error: missing ';' before '{'
c:\users\paul\source\repos\spofs_2017\inc\core_cm3.h(1573): error C2447: '{': missing function header (old-style formal list?)
c:\users\paul\source\repos\spofs_2017\inc\core_cm3.h(1591): error C4430: missing type specifier - int assumed. Note: C++ does not support default-int
c:\users\paul\source\repos\spofs_2017\inc\core_cm3.h(1591): error C2086: 'int __STATIC_INLINE': redefinition
  c:\users\paul\source\repos\spofs_2017\inc\core_cm3.h(1291): note: see declaration of '__STATIC_INLINE'
c:\users\paul\source\repos\spofs_2017\inc\core_cm3.h(1591): error C2146: syntax error: missing ';' before identifier 'int32_t'
c:\users\paul\source\repos\spofs_2017\inc\core_cm3.h(1591): error C2143: syntax error: missing ';' before '{'
c:\users\paul\source\repos\spofs_2017\inc\core_cm3.h(1591): error C2447: '{': missing function header (old-style formal list?)
c:\users\paul\source\repos\spofs_2017\inc\core_cm3.h(1610): error C4430: missing type specifier - int assumed. Note: C++ does not support default-int
c:\users\paul\source\repos\spofs_2017\inc\core_cm3.h(1610): error C2086: 'int __STATIC_INLINE': redefinition
  c:\users\paul\source\repos\spofs_2017\inc\core_cm3.h(1291): note: see declaration of '__STATIC_INLINE'
c:\users\paul\source\repos\spofs_2017\inc\core_cm3.h(1610): error C2146: syntax error: missing ';' before identifier 'int32_t'
c:\users\paul\source\repos\spofs_2017\inc\core_cm3.h(1610): error C2143: syntax error: missing ';' before '{'
c:\users\paul\source\repos\spofs_2017\inc\core_cm3.h(1610): error C2447: '{': missing function header (old-style formal list?)
  Running Code Analysis for C/C++...
  Generating Code...
